{"/Users/gonzaloriederer/FAMAPP/packages/shared/src/services/aiService.ts": {"path":"/Users/gonzaloriederer/FAMAPP/packages/shared/src/services/aiService.ts","statementMap":{"0":{"start":{"line":303,"column":0},"end":{"line":303,"column":16}},"1":{"start":{"line":310,"column":0},"end":{"line":310,"column":16}},"2":{"start":{"line":314,"column":0},"end":{"line":314,"column":16}},"3":{"start":{"line":1,"column":0},"end":{"line":1,"column":42}},"4":{"start":{"line":37,"column":4},"end":{"line":37,"column":19}},"5":{"start":{"line":34,"column":11},"end":{"line":34,"column":23}},"6":{"start":{"line":35,"column":11},"end":{"line":35,"column":30}},"7":{"start":{"line":38,"column":4},"end":{"line":38,"column":33}},"8":{"start":{"line":31,"column":0},"end":{"line":31,"column":13}},"9":{"start":{"line":48,"column":4},"end":{"line":53,"column":5}},"10":{"start":{"line":49,"column":6},"end":{"line":52,"column":8}},"11":{"start":{"line":55,"column":4},"end":{"line":60,"column":6}},"12":{"start":{"line":62,"column":4},"end":{"line":64,"column":7}},"13":{"start":{"line":69,"column":4},"end":{"line":112,"column":5}},"14":{"start":{"line":70,"column":24},"end":{"line":70,"column":34}},"15":{"start":{"line":72,"column":23},"end":{"line":82,"column":8}},"16":{"start":{"line":85,"column":22},"end":{"line":85,"column":41}},"17":{"start":{"line":86,"column":6},"end":{"line":91,"column":7}},"18":{"start":{"line":87,"column":8},"end":{"line":90,"column":10}},"19":{"start":{"line":93,"column":22},"end":{"line":93,"column":32}},"20":{"start":{"line":94,"column":23},"end":{"line":94,"column":42}},"21":{"start":{"line":97,"column":6},"end":{"line":99,"column":7}},"22":{"start":{"line":98,"column":8},"end":{"line":98,"column":79}},"23":{"start":{"line":101,"column":6},"end":{"line":109,"column":8}},"24":{"start":{"line":111,"column":6},"end":{"line":111,"column":37}},"25":{"start":{"line":117,"column":19},"end":{"line":117,"column":60}},"26":{"start":{"line":119,"column":4},"end":{"line":124,"column":7}},"27":{"start":{"line":129,"column":19},"end":{"line":129,"column":65}},"28":{"start":{"line":131,"column":4},"end":{"line":136,"column":7}},"29":{"start":{"line":141,"column":19},"end":{"line":141,"column":53}},"30":{"start":{"line":143,"column":4},"end":{"line":148,"column":7}},"31":{"start":{"line":153,"column":17},"end":{"line":153,"column":31}},"32":{"start":{"line":155,"column":4},"end":{"line":157,"column":5}},"33":{"start":{"line":156,"column":6},"end":{"line":156,"column":75}},"34":{"start":{"line":159,"column":4},"end":{"line":159,"column":18}},"35":{"start":{"line":164,"column":4},"end":{"line":180,"column":2}},"36":{"start":{"line":185,"column":4},"end":{"line":196,"column":2}},"37":{"start":{"line":201,"column":4},"end":{"line":214,"column":2}},"38":{"start":{"line":219,"column":4},"end":{"line":219,"column":46}},"39":{"start":{"line":222,"column":4},"end":{"line":228,"column":5}},"40":{"start":{"line":223,"column":6},"end":{"line":227,"column":8}},"41":{"start":{"line":230,"column":4},"end":{"line":236,"column":5}},"42":{"start":{"line":231,"column":6},"end":{"line":235,"column":8}},"43":{"start":{"line":238,"column":4},"end":{"line":244,"column":5}},"44":{"start":{"line":239,"column":6},"end":{"line":243,"column":8}},"45":{"start":{"line":246,"column":4},"end":{"line":252,"column":5}},"46":{"start":{"line":247,"column":6},"end":{"line":251,"column":8}},"47":{"start":{"line":255,"column":4},"end":{"line":261,"column":5}},"48":{"start":{"line":256,"column":6},"end":{"line":260,"column":8}},"49":{"start":{"line":264,"column":4},"end":{"line":270,"column":5}},"50":{"start":{"line":265,"column":6},"end":{"line":269,"column":8}},"51":{"start":{"line":273,"column":4},"end":{"line":277,"column":6}},"52":{"start":{"line":282,"column":4},"end":{"line":292,"column":5}},"53":{"start":{"line":283,"column":23},"end":{"line":286,"column":8}},"54":{"start":{"line":288,"column":6},"end":{"line":288,"column":66}},"55":{"start":{"line":290,"column":6},"end":{"line":290,"column":62}},"56":{"start":{"line":291,"column":6},"end":{"line":291,"column":19}},"57":{"start":{"line":297,"column":38},"end":{"line":297,"column":49}},"58":{"start":{"line":298,"column":4},"end":{"line":298,"column":22}},"59":{"start":{"line":43,"column":0},"end":{"line":43,"column":13}},"60":{"start":{"line":304,"column":2},"end":{"line":304,"column":31}},"61":{"start":{"line":308,"column":42},"end":{"line":308,"column":46}},"62":{"start":{"line":311,"column":2},"end":{"line":311,"column":30}},"63":{"start":{"line":315,"column":2},"end":{"line":320,"column":3}},"64":{"start":{"line":316,"column":4},"end":{"line":319,"column":6}},"65":{"start":{"line":321,"column":2},"end":{"line":321,"column":27}}},"fnMap":{"0":{"name":"(anonymous_1)","decl":{"start":{"line":32,"column":2},"end":{"line":32,"column":null}},"loc":{"start":{"line":35,"column":30},"end":{"line":39,"column":3}}},"1":{"name":"(anonymous_2)","decl":{"start":{"line":47,"column":2},"end":{"line":47,"column":14}},"loc":{"start":{"line":47,"column":30},"end":{"line":65,"column":3}}},"2":{"name":"(anonymous_3)","decl":{"start":{"line":68,"column":2},"end":{"line":68,"column":7}},"loc":{"start":{"line":68,"column":43},"end":{"line":113,"column":3}}},"3":{"name":"(anonymous_4)","decl":{"start":{"line":116,"column":2},"end":{"line":116,"column":7}},"loc":{"start":{"line":116,"column":45},"end":{"line":125,"column":3}}},"4":{"name":"(anonymous_5)","decl":{"start":{"line":128,"column":2},"end":{"line":128,"column":7}},"loc":{"start":{"line":128,"column":56},"end":{"line":137,"column":3}}},"5":{"name":"(anonymous_6)","decl":{"start":{"line":140,"column":2},"end":{"line":140,"column":7}},"loc":{"start":{"line":140,"column":38},"end":{"line":149,"column":3}}},"6":{"name":"(anonymous_7)","decl":{"start":{"line":152,"column":10},"end":{"line":152,"column":21}},"loc":{"start":{"line":152,"column":40},"end":{"line":160,"column":3}}},"7":{"name":"(anonymous_8)","decl":{"start":{"line":163,"column":10},"end":{"line":163,"column":34}},"loc":{"start":{"line":163,"column":50},"end":{"line":181,"column":3}}},"8":{"name":"(anonymous_9)","decl":{"start":{"line":184,"column":10},"end":{"line":184,"column":29}},"loc":{"start":{"line":184,"column":63},"end":{"line":197,"column":3}}},"9":{"name":"(anonymous_10)","decl":{"start":{"line":200,"column":10},"end":{"line":200,"column":27}},"loc":{"start":{"line":200,"column":43},"end":{"line":215,"column":3}}},"10":{"name":"(anonymous_11)","decl":{"start":{"line":218,"column":10},"end":{"line":218,"column":21}},"loc":{"start":{"line":218,"column":32},"end":{"line":278,"column":3}}},"11":{"name":"(anonymous_12)","decl":{"start":{"line":281,"column":2},"end":{"line":281,"column":7}},"loc":{"start":{"line":281,"column":19},"end":{"line":293,"column":3}}},"12":{"name":"(anonymous_13)","decl":{"start":{"line":296,"column":2},"end":{"line":296,"column":11}},"loc":{"start":{"line":296,"column":11},"end":{"line":299,"column":3}}},"13":{"name":"createAIService","decl":{"start":{"line":303,"column":16},"end":{"line":303,"column":31}},"loc":{"start":{"line":303,"column":48},"end":{"line":305,"column":1}}},"14":{"name":"setAIService","decl":{"start":{"line":310,"column":16},"end":{"line":310,"column":28}},"loc":{"start":{"line":310,"column":47},"end":{"line":312,"column":1}}},"15":{"name":"getAIService","decl":{"start":{"line":314,"column":16},"end":{"line":314,"column":28}},"loc":{"start":{"line":314,"column":28},"end":{"line":322,"column":1}}}},"branchMap":{"0":{"loc":{"start":{"line":48,"column":4},"end":{"line":53,"column":5}},"type":"if","locations":[{"start":{"line":48,"column":4},"end":{"line":53,"column":5}}]},"1":{"loc":{"start":{"line":74,"column":20},"end":{"line":74,"column":63}},"type":"binary-expr","locations":[{"start":{"line":74,"column":20},"end":{"line":74,"column":37}},{"start":{"line":74,"column":41},"end":{"line":74,"column":63}}]},"2":{"loc":{"start":{"line":75,"column":21},"end":{"line":75,"column":67}},"type":"binary-expr","locations":[{"start":{"line":75,"column":21},"end":{"line":75,"column":40}},{"start":{"line":75,"column":44},"end":{"line":75,"column":67}}]},"3":{"loc":{"start":{"line":86,"column":6},"end":{"line":91,"column":7}},"type":"if","locations":[{"start":{"line":86,"column":6},"end":{"line":91,"column":7}}]},"4":{"loc":{"start":{"line":97,"column":6},"end":{"line":99,"column":7}},"type":"if","locations":[{"start":{"line":97,"column":6},"end":{"line":99,"column":7}}]},"5":{"loc":{"start":{"line":155,"column":4},"end":{"line":157,"column":5}},"type":"if","locations":[{"start":{"line":155,"column":4},"end":{"line":157,"column":5}}]},"6":{"loc":{"start":{"line":222,"column":4},"end":{"line":228,"column":5}},"type":"if","locations":[{"start":{"line":222,"column":4},"end":{"line":228,"column":5}}]},"7":{"loc":{"start":{"line":230,"column":4},"end":{"line":236,"column":5}},"type":"if","locations":[{"start":{"line":230,"column":4},"end":{"line":236,"column":5}}]},"8":{"loc":{"start":{"line":238,"column":4},"end":{"line":244,"column":5}},"type":"if","locations":[{"start":{"line":238,"column":4},"end":{"line":244,"column":5}}]},"9":{"loc":{"start":{"line":246,"column":4},"end":{"line":252,"column":5}},"type":"if","locations":[{"start":{"line":246,"column":4},"end":{"line":252,"column":5}}]},"10":{"loc":{"start":{"line":255,"column":4},"end":{"line":261,"column":5}},"type":"if","locations":[{"start":{"line":255,"column":4},"end":{"line":261,"column":5}}]},"11":{"loc":{"start":{"line":255,"column":8},"end":{"line":255,"column":67}},"type":"binary-expr","locations":[{"start":{"line":255,"column":8},"end":{"line":255,"column":34}},{"start":{"line":255,"column":38},"end":{"line":255,"column":67}}]},"12":{"loc":{"start":{"line":264,"column":4},"end":{"line":270,"column":5}},"type":"if","locations":[{"start":{"line":264,"column":4},"end":{"line":270,"column":5}}]},"13":{"loc":{"start":{"line":315,"column":2},"end":{"line":320,"column":3}},"type":"if","locations":[{"start":{"line":315,"column":2},"end":{"line":320,"column":3}}]}},"s":{"0":1,"1":1,"2":1,"3":1,"4":24,"5":24,"6":24,"7":24,"8":1,"9":36,"10":2,"11":34,"12":34,"13":31,"14":31,"15":31,"16":15,"17":15,"18":1,"19":14,"20":14,"21":14,"22":1,"23":14,"24":17,"25":1,"26":1,"27":1,"28":1,"29":1,"30":1,"31":31,"32":31,"33":4,"34":31,"35":1,"36":1,"37":1,"38":17,"39":17,"40":2,"41":15,"42":2,"43":13,"44":2,"45":11,"46":2,"47":9,"48":2,"49":7,"50":2,"51":5,"52":8,"53":8,"54":7,"55":1,"56":1,"57":3,"58":3,"59":1,"60":2,"61":1,"62":2,"63":3,"64":2,"65":1},"f":{"0":24,"1":36,"2":31,"3":1,"4":1,"5":1,"6":31,"7":1,"8":1,"9":1,"10":17,"11":8,"12":3,"13":2,"14":2,"15":3},"b":{"0":[2],"1":[31,19],"2":[31,27],"3":[1],"4":[1],"5":[4],"6":[2],"7":[2],"8":[2],"9":[2],"10":[2],"11":[9,7],"12":[2],"13":[2]}}
,"/Users/gonzaloriederer/FAMAPP/packages/shared/src/services/authService.ts": {"path":"/Users/gonzaloriederer/FAMAPP/packages/shared/src/services/authService.ts","statementMap":{"0":{"start":{"line":2,"column":0},"end":{"line":2,"column":null}},"1":{"start":{"line":8,"column":0},"end":{"line":8,"column":68}},"2":{"start":{"line":9,"column":0},"end":{"line":9,"column":49}},"3":{"start":{"line":10,"column":0},"end":{"line":10,"column":62}},"4":{"start":{"line":15,"column":4},"end":{"line":15,"column":38}},"5":{"start":{"line":19,"column":4},"end":{"line":19,"column":48}},"6":{"start":{"line":23,"column":4},"end":{"line":23,"column":36}},"7":{"start":{"line":30,"column":4},"end":{"line":52,"column":5}},"8":{"start":{"line":31,"column":6},"end":{"line":33,"column":7}},"9":{"start":{"line":32,"column":8},"end":{"line":32,"column":74}},"10":{"start":{"line":35,"column":21},"end":{"line":35,"column":74}},"11":{"start":{"line":36,"column":27},"end":{"line":36,"column":38}},"12":{"start":{"line":39,"column":27},"end":{"line":39,"column":92}},"13":{"start":{"line":40,"column":6},"end":{"line":43,"column":7}},"14":{"start":{"line":41,"column":8},"end":{"line":41,"column":29}},"15":{"start":{"line":42,"column":8},"end":{"line":42,"column":81}},"16":{"start":{"line":46,"column":19},"end":{"line":46,"column":62}},"17":{"start":{"line":47,"column":6},"end":{"line":47,"column":18}},"18":{"start":{"line":49,"column":6},"end":{"line":49,"column":45}},"19":{"start":{"line":50,"column":27},"end":{"line":50,"column":87}},"20":{"start":{"line":51,"column":6},"end":{"line":51,"column":36}},"21":{"start":{"line":59,"column":4},"end":{"line":64,"column":5}},"22":{"start":{"line":60,"column":6},"end":{"line":60,"column":39}},"23":{"start":{"line":62,"column":6},"end":{"line":62,"column":46}},"24":{"start":{"line":63,"column":6},"end":{"line":63,"column":44}},"25":{"start":{"line":71,"column":4},"end":{"line":71,"column":29}},"26":{"start":{"line":71,"column":16},"end":{"line":71,"column":29}},"27":{"start":{"line":72,"column":4},"end":{"line":72,"column":63}},"28":{"start":{"line":79,"column":4},"end":{"line":79,"column":70}},"29":{"start":{"line":86,"column":25},"end":{"line":86,"column":81}},"30":{"start":{"line":88,"column":4},"end":{"line":90,"column":5}},"31":{"start":{"line":89,"column":6},"end":{"line":89,"column":74}},"32":{"start":{"line":92,"column":20},"end":{"line":92,"column":59}},"33":{"start":{"line":93,"column":21},"end":{"line":93,"column":42}},"34":{"start":{"line":95,"column":16},"end":{"line":95,"column":26}},"35":{"start":{"line":97,"column":4},"end":{"line":123,"column":5}},"36":{"start":{"line":99,"column":6},"end":{"line":103,"column":9}},"37":{"start":{"line":105,"column":6},"end":{"line":108,"column":16}},"38":{"start":{"line":111,"column":28},"end":{"line":119,"column":8}},"39":{"start":{"line":121,"column":6},"end":{"line":121,"column":37}},"40":{"start":{"line":122,"column":6},"end":{"line":122,"column":21}},"41":{"start":{"line":130,"column":4},"end":{"line":142,"column":7}},"42":{"start":{"line":131,"column":6},"end":{"line":141,"column":7}},"43":{"start":{"line":132,"column":8},"end":{"line":138,"column":9}},"44":{"start":{"line":133,"column":23},"end":{"line":133,"column":66}},"45":{"start":{"line":134,"column":10},"end":{"line":134,"column":25}},"46":{"start":{"line":136,"column":10},"end":{"line":136,"column":64}},"47":{"start":{"line":137,"column":10},"end":{"line":137,"column":25}},"48":{"start":{"line":140,"column":8},"end":{"line":140,"column":23}},"49":{"start":{"line":149,"column":4},"end":{"line":149,"column":33}},"50":{"start":{"line":153,"column":13},"end":{"line":153,"column":45}}},"fnMap":{"0":{"name":"(anonymous_0)","decl":{"start":{"line":14,"column":2},"end":{"line":14,"column":14}},"loc":{"start":{"line":14,"column":18},"end":{"line":16,"column":3}}},"1":{"name":"(anonymous_1)","decl":{"start":{"line":18,"column":2},"end":{"line":18,"column":14}},"loc":{"start":{"line":18,"column":28},"end":{"line":20,"column":3}}},"2":{"name":"(anonymous_2)","decl":{"start":{"line":22,"column":2},"end":{"line":22,"column":14}},"loc":{"start":{"line":22,"column":16},"end":{"line":24,"column":3}}},"3":{"name":"(anonymous_3)","decl":{"start":{"line":29,"column":2},"end":{"line":29,"column":7}},"loc":{"start":{"line":29,"column":24},"end":{"line":53,"column":3}}},"4":{"name":"(anonymous_4)","decl":{"start":{"line":58,"column":2},"end":{"line":58,"column":7}},"loc":{"start":{"line":58,"column":15},"end":{"line":65,"column":3}}},"5":{"name":"(anonymous_5)","decl":{"start":{"line":70,"column":2},"end":{"line":70,"column":7}},"loc":{"start":{"line":70,"column":46},"end":{"line":73,"column":3}}},"6":{"name":"(anonymous_6)","decl":{"start":{"line":78,"column":2},"end":{"line":78,"column":7}},"loc":{"start":{"line":78,"column":46},"end":{"line":80,"column":3}}},"7":{"name":"(anonymous_7)","decl":{"start":{"line":85,"column":10},"end":{"line":85,"column":15}},"loc":{"start":{"line":85,"column":61},"end":{"line":124,"column":3}}},"8":{"name":"(anonymous_8)","decl":{"start":{"line":129,"column":2},"end":{"line":129,"column":19}},"loc":{"start":{"line":129,"column":57},"end":{"line":143,"column":3}}},"9":{"name":"(anonymous_9)","decl":{"start":{"line":130,"column":41},"end":{"line":130,"column":46}},"loc":{"start":{"line":130,"column":64},"end":{"line":142,"column":5}}},"10":{"name":"(anonymous_10)","decl":{"start":{"line":148,"column":2},"end":{"line":148,"column":16}},"loc":{"start":{"line":148,"column":16},"end":{"line":150,"column":3}}}},"branchMap":{"0":{"loc":{"start":{"line":31,"column":6},"end":{"line":33,"column":7}},"type":"if","locations":[{"start":{"line":31,"column":6},"end":{"line":33,"column":7}}]},"1":{"loc":{"start":{"line":40,"column":6},"end":{"line":43,"column":7}},"type":"if","locations":[{"start":{"line":40,"column":6},"end":{"line":43,"column":7}}]},"2":{"loc":{"start":{"line":50,"column":27},"end":{"line":50,"column":87}},"type":"cond-expr","locations":[{"start":{"line":50,"column":52},"end":{"line":50,"column":65}},{"start":{"line":50,"column":68},"end":{"line":50,"column":87}}]},"3":{"loc":{"start":{"line":71,"column":4},"end":{"line":71,"column":29}},"type":"if","locations":[{"start":{"line":71,"column":4},"end":{"line":71,"column":29}}]},"4":{"loc":{"start":{"line":88,"column":4},"end":{"line":90,"column":5}},"type":"if","locations":[{"start":{"line":88,"column":4},"end":{"line":90,"column":5}}]},"5":{"loc":{"start":{"line":97,"column":4},"end":{"line":123,"column":5}},"type":"if","locations":[{"start":{"line":97,"column":4},"end":{"line":123,"column":5}},{"start":{"line":109,"column":11},"end":{"line":123,"column":5}}]},"6":{"loc":{"start":{"line":114,"column":21},"end":{"line":114,"column":61}},"type":"binary-expr","locations":[{"start":{"line":114,"column":21},"end":{"line":114,"column":45}},{"start":{"line":114,"column":49},"end":{"line":114,"column":61}}]},"7":{"loc":{"start":{"line":115,"column":18},"end":{"line":115,"column":52}},"type":"binary-expr","locations":[{"start":{"line":115,"column":18},"end":{"line":115,"column":39}},{"start":{"line":115,"column":43},"end":{"line":115,"column":52}}]},"8":{"loc":{"start":{"line":131,"column":6},"end":{"line":141,"column":7}},"type":"if","locations":[{"start":{"line":131,"column":6},"end":{"line":141,"column":7}},{"start":{"line":139,"column":13},"end":{"line":141,"column":7}}]},"9":{"loc":{"start":{"line":131,"column":10},"end":{"line":131,"column":74}},"type":"binary-expr","locations":[{"start":{"line":131,"column":10},"end":{"line":131,"column":22}},{"start":{"line":131,"column":26},"end":{"line":131,"column":74}}]}},"s":{"0":0,"1":0,"2":0,"3":0,"4":0,"5":0,"6":0,"7":0,"8":0,"9":0,"10":0,"11":0,"12":0,"13":0,"14":0,"15":0,"16":0,"17":0,"18":0,"19":0,"20":0,"21":0,"22":0,"23":0,"24":0,"25":0,"26":0,"27":0,"28":0,"29":0,"30":0,"31":0,"32":0,"33":0,"34":0,"35":0,"36":0,"37":0,"38":0,"39":0,"40":0,"41":0,"42":0,"43":0,"44":0,"45":0,"46":0,"47":0,"48":0,"49":0,"50":0},"f":{"0":0,"1":0,"2":0,"3":0,"4":0,"5":0,"6":0,"7":0,"8":0,"9":0,"10":0},"b":{"0":[0],"1":[0],"2":[0,0],"3":[0],"4":[0],"5":[0,0],"6":[0,0],"7":[0,0],"8":[0,0],"9":[0,0]}}
,"/Users/gonzaloriederer/FAMAPP/packages/shared/src/services/autoArchiveService.ts": {"path":"/Users/gonzaloriederer/FAMAPP/packages/shared/src/services/autoArchiveService.ts","statementMap":{"0":{"start":{"line":2,"column":0},"end":{"line":2,"column":44}},"1":{"start":{"line":5,"column":10},"end":{"line":5,"column":33}},"2":{"start":{"line":6,"column":19},"end":{"line":6,"column":46}},"3":{"start":{"line":7,"column":10},"end":{"line":7,"column":28}},"4":{"start":{"line":14,"column":4},"end":{"line":17,"column":5}},"5":{"start":{"line":15,"column":6},"end":{"line":15,"column":61}},"6":{"start":{"line":16,"column":6},"end":{"line":16,"column":13}},"7":{"start":{"line":19,"column":4},"end":{"line":19,"column":26}},"8":{"start":{"line":20,"column":4},"end":{"line":20,"column":49}},"9":{"start":{"line":23,"column":4},"end":{"line":23,"column":27}},"10":{"start":{"line":26,"column":4},"end":{"line":28,"column":53}},"11":{"start":{"line":27,"column":6},"end":{"line":27,"column":29}},"12":{"start":{"line":35,"column":4},"end":{"line":38,"column":5}},"13":{"start":{"line":36,"column":6},"end":{"line":36,"column":37}},"14":{"start":{"line":37,"column":6},"end":{"line":37,"column":29}},"15":{"start":{"line":39,"column":4},"end":{"line":39,"column":27}},"16":{"start":{"line":40,"column":4},"end":{"line":40,"column":48}},"17":{"start":{"line":47,"column":4},"end":{"line":58,"column":5}},"18":{"start":{"line":48,"column":6},"end":{"line":48,"column":51}},"19":{"start":{"line":49,"column":28},"end":{"line":49,"column":68}},"20":{"start":{"line":51,"column":6},"end":{"line":55,"column":7}},"21":{"start":{"line":52,"column":8},"end":{"line":52,"column":70}},"22":{"start":{"line":54,"column":8},"end":{"line":54,"column":76}},"23":{"start":{"line":57,"column":6},"end":{"line":57,"column":63}},"24":{"start":{"line":65,"column":4},"end":{"line":68,"column":6}},"25":{"start":{"line":72,"column":13},"end":{"line":72,"column":59}}},"fnMap":{"0":{"name":"(anonymous_0)","decl":{"start":{"line":4,"column":0},"end":{"line":4,"column":6}},"loc":{"start":{"line":4,"column":0},"end":{"line":70,"column":1}}},"1":{"name":"(anonymous_1)","decl":{"start":{"line":13,"column":2},"end":{"line":13,"column":7}},"loc":{"start":{"line":13,"column":7},"end":{"line":29,"column":3}}},"2":{"name":"(anonymous_2)","decl":{"start":{"line":26,"column":34},"end":{"line":26,"column":37}},"loc":{"start":{"line":26,"column":39},"end":{"line":28,"column":5}}},"3":{"name":"(anonymous_3)","decl":{"start":{"line":34,"column":2},"end":{"line":34,"column":6}},"loc":{"start":{"line":34,"column":6},"end":{"line":41,"column":3}}},"4":{"name":"(anonymous_4)","decl":{"start":{"line":46,"column":2},"end":{"line":46,"column":7}},"loc":{"start":{"line":46,"column":23},"end":{"line":59,"column":3}}},"5":{"name":"(anonymous_5)","decl":{"start":{"line":64,"column":2},"end":{"line":64,"column":11}},"loc":{"start":{"line":64,"column":11},"end":{"line":69,"column":3}}}},"branchMap":{"0":{"loc":{"start":{"line":14,"column":4},"end":{"line":17,"column":5}},"type":"if","locations":[{"start":{"line":14,"column":4},"end":{"line":17,"column":5}}]},"1":{"loc":{"start":{"line":35,"column":4},"end":{"line":38,"column":5}},"type":"if","locations":[{"start":{"line":35,"column":4},"end":{"line":38,"column":5}}]},"2":{"loc":{"start":{"line":51,"column":6},"end":{"line":55,"column":7}},"type":"if","locations":[{"start":{"line":51,"column":6},"end":{"line":55,"column":7}},{"start":{"line":53,"column":13},"end":{"line":55,"column":7}}]}},"s":{"0":0,"1":0,"2":0,"3":0,"4":0,"5":0,"6":0,"7":0,"8":0,"9":0,"10":0,"11":0,"12":0,"13":0,"14":0,"15":0,"16":0,"17":0,"18":0,"19":0,"20":0,"21":0,"22":0,"23":0,"24":0,"25":0},"f":{"0":0,"1":0,"2":0,"3":0,"4":0,"5":0},"b":{"0":[0],"1":[0],"2":[0,0]}}
,"/Users/gonzaloriederer/FAMAPP/packages/shared/src/services/documentService.ts": {"path":"/Users/gonzaloriederer/FAMAPP/packages/shared/src/services/documentService.ts","statementMap":{"0":{"start":{"line":2,"column":0},"end":{"line":2,"column":null}},"1":{"start":{"line":15,"column":0},"end":{"line":15,"column":null}},"2":{"start":{"line":21,"column":0},"end":{"line":21,"column":49}},"3":{"start":{"line":22,"column":0},"end":{"line":22,"column":44}},"4":{"start":{"line":29,"column":0},"end":{"line":29,"column":null}},"5":{"start":{"line":37,"column":19},"end":{"line":37,"column":56}},"6":{"start":{"line":38,"column":19},"end":{"line":38,"column":53}},"7":{"start":{"line":41,"column":4},"end":{"line":41,"column":36}},"8":{"start":{"line":45,"column":4},"end":{"line":45,"column":41}},"9":{"start":{"line":50,"column":4},"end":{"line":52,"column":5}},"10":{"start":{"line":51,"column":6},"end":{"line":51,"column":87}},"11":{"start":{"line":54,"column":4},"end":{"line":56,"column":5}},"12":{"start":{"line":55,"column":6},"end":{"line":55,"column":97}},"13":{"start":{"line":61,"column":4},"end":{"line":63,"column":5}},"14":{"start":{"line":62,"column":6},"end":{"line":62,"column":18}},"15":{"start":{"line":65,"column":4},"end":{"line":112,"column":7}},"16":{"start":{"line":66,"column":21},"end":{"line":66,"column":37}},"17":{"start":{"line":67,"column":6},"end":{"line":110,"column":8}},"18":{"start":{"line":68,"column":20},"end":{"line":68,"column":31}},"19":{"start":{"line":69,"column":8},"end":{"line":108,"column":10}},"20":{"start":{"line":70,"column":25},"end":{"line":70,"column":57}},"21":{"start":{"line":71,"column":22},"end":{"line":71,"column":46}},"22":{"start":{"line":74,"column":34},"end":{"line":74,"column":37}},"23":{"start":{"line":75,"column":26},"end":{"line":75,"column":30}},"24":{"start":{"line":77,"column":10},"end":{"line":85,"column":11}},"25":{"start":{"line":78,"column":12},"end":{"line":84,"column":13}},"26":{"start":{"line":79,"column":14},"end":{"line":79,"column":50}},"27":{"start":{"line":80,"column":14},"end":{"line":80,"column":30}},"28":{"start":{"line":82,"column":14},"end":{"line":82,"column":49}},"29":{"start":{"line":83,"column":14},"end":{"line":83,"column":31}},"30":{"start":{"line":87,"column":10},"end":{"line":87,"column":31}},"31":{"start":{"line":88,"column":10},"end":{"line":88,"column":33}},"32":{"start":{"line":91,"column":10},"end":{"line":91,"column":50}},"33":{"start":{"line":93,"column":10},"end":{"line":107,"column":12}},"34":{"start":{"line":95,"column":14},"end":{"line":103,"column":15}},"35":{"start":{"line":96,"column":39},"end":{"line":99,"column":18}},"36":{"start":{"line":100,"column":16},"end":{"line":100,"column":81}},"37":{"start":{"line":102,"column":16},"end":{"line":102,"column":30}},"38":{"start":{"line":109,"column":8},"end":{"line":109,"column":45}},"39":{"start":{"line":111,"column":6},"end":{"line":111,"column":33}},"40":{"start":{"line":117,"column":17},"end":{"line":117,"column":45}},"41":{"start":{"line":118,"column":4},"end":{"line":118,"column":61}},"42":{"start":{"line":118,"column":15},"end":{"line":118,"column":61}},"43":{"start":{"line":121,"column":25},"end":{"line":121,"column":55}},"44":{"start":{"line":124,"column":22},"end":{"line":124,"column":32}},"45":{"start":{"line":125,"column":21},"end":{"line":125,"column":62}},"46":{"start":{"line":126,"column":21},"end":{"line":126,"column":67}},"47":{"start":{"line":129,"column":23},"end":{"line":129,"column":50}},"48":{"start":{"line":130,"column":21},"end":{"line":130,"column":64}},"49":{"start":{"line":131,"column":16},"end":{"line":131,"column":50}},"50":{"start":{"line":135,"column":4},"end":{"line":137,"column":5}},"51":{"start":{"line":136,"column":6},"end":{"line":136,"column":25}},"52":{"start":{"line":139,"column":4},"end":{"line":139,"column":33}},"53":{"start":{"line":144,"column":17},"end":{"line":144,"column":45}},"54":{"start":{"line":145,"column":4},"end":{"line":147,"column":5}},"55":{"start":{"line":146,"column":6},"end":{"line":146,"column":72}},"56":{"start":{"line":149,"column":4},"end":{"line":185,"column":5}},"57":{"start":{"line":151,"column":6},"end":{"line":151,"column":35}},"58":{"start":{"line":154,"column":27},"end":{"line":167,"column":8}},"59":{"start":{"line":170,"column":21},"end":{"line":170,"column":85}},"60":{"start":{"line":173,"column":36},"end":{"line":173,"column":79}},"61":{"start":{"line":176,"column":6},"end":{"line":179,"column":9}},"62":{"start":{"line":181,"column":6},"end":{"line":181,"column":23}},"63":{"start":{"line":183,"column":6},"end":{"line":183,"column":55}},"64":{"start":{"line":184,"column":6},"end":{"line":184,"column":18}},"65":{"start":{"line":190,"column":4},"end":{"line":205,"column":5}},"66":{"start":{"line":191,"column":30},"end":{"line":193,"column":8}},"67":{"start":{"line":195,"column":6},"end":{"line":195,"column":63}},"68":{"start":{"line":195,"column":35},"end":{"line":195,"column":63}},"69":{"start":{"line":196,"column":6},"end":{"line":196,"column":84}},"70":{"start":{"line":196,"column":42},"end":{"line":196,"column":84}},"71":{"start":{"line":197,"column":6},"end":{"line":197,"column":75}},"72":{"start":{"line":197,"column":39},"end":{"line":197,"column":75}},"73":{"start":{"line":198,"column":6},"end":{"line":198,"column":63}},"74":{"start":{"line":198,"column":35},"end":{"line":198,"column":63}},"75":{"start":{"line":199,"column":6},"end":{"line":199,"column":81}},"76":{"start":{"line":199,"column":41},"end":{"line":199,"column":81}},"77":{"start":{"line":201,"column":6},"end":{"line":201,"column":74}},"78":{"start":{"line":203,"column":6},"end":{"line":203,"column":55}},"79":{"start":{"line":204,"column":6},"end":{"line":204,"column":18}},"80":{"start":{"line":210,"column":4},"end":{"line":238,"column":5}},"81":{"start":{"line":212,"column":23},"end":{"line":214,"column":null}},"82":{"start":{"line":216,"column":26},"end":{"line":216,"column":49}},"83":{"start":{"line":218,"column":6},"end":{"line":231,"column":7}},"84":{"start":{"line":219,"column":24},"end":{"line":219,"column":50}},"85":{"start":{"line":222,"column":8},"end":{"line":230,"column":9}},"86":{"start":{"line":223,"column":10},"end":{"line":229,"column":11}},"87":{"start":{"line":224,"column":28},"end":{"line":224,"column":62}},"88":{"start":{"line":225,"column":12},"end":{"line":225,"column":40}},"89":{"start":{"line":227,"column":12},"end":{"line":227,"column":70}},"90":{"start":{"line":234,"column":6},"end":{"line":234,"column":62}},"91":{"start":{"line":236,"column":6},"end":{"line":236,"column":55}},"92":{"start":{"line":237,"column":6},"end":{"line":237,"column":18}},"93":{"start":{"line":243,"column":17},"end":{"line":243,"column":45}},"94":{"start":{"line":244,"column":4},"end":{"line":247,"column":5}},"95":{"start":{"line":245,"column":6},"end":{"line":245,"column":19}},"96":{"start":{"line":246,"column":6},"end":{"line":246,"column":22}},"97":{"start":{"line":249,"column":14},"end":{"line":251,"column":null}},"98":{"start":{"line":254,"column":4},"end":{"line":279,"column":7}},"99":{"start":{"line":255,"column":42},"end":{"line":255,"column":44}},"100":{"start":{"line":257,"column":6},"end":{"line":273,"column":7}},"101":{"start":{"line":258,"column":21},"end":{"line":258,"column":35}},"102":{"start":{"line":261,"column":33},"end":{"line":263,"column":59}},"103":{"start":{"line":265,"column":8},"end":{"line":272,"column":9}},"104":{"start":{"line":266,"column":10},"end":{"line":271,"column":31}},"105":{"start":{"line":275,"column":6},"end":{"line":275,"column":26}},"106":{"start":{"line":277,"column":6},"end":{"line":277,"column":56}},"107":{"start":{"line":278,"column":6},"end":{"line":278,"column":19}},"108":{"start":{"line":284,"column":4},"end":{"line":301,"column":5}},"109":{"start":{"line":285,"column":16},"end":{"line":288,"column":null}},"110":{"start":{"line":291,"column":23},"end":{"line":291,"column":39}},"111":{"start":{"line":292,"column":6},"end":{"line":297,"column":28}},"112":{"start":{"line":292,"column":39},"end":{"line":297,"column":27}},"113":{"start":{"line":299,"column":6},"end":{"line":299,"column":68}},"114":{"start":{"line":300,"column":6},"end":{"line":300,"column":16}},"115":{"start":{"line":306,"column":4},"end":{"line":333,"column":5}},"116":{"start":{"line":309,"column":16},"end":{"line":311,"column":null}},"117":{"start":{"line":314,"column":23},"end":{"line":314,"column":39}},"118":{"start":{"line":315,"column":22},"end":{"line":320,"column":27}},"119":{"start":{"line":315,"column":48},"end":{"line":320,"column":27}},"120":{"start":{"line":323,"column":26},"end":{"line":323,"column":50}},"121":{"start":{"line":324,"column":6},"end":{"line":329,"column":8}},"122":{"start":{"line":325,"column":8},"end":{"line":328,"column":69}},"123":{"start":{"line":328,"column":29},"end":{"line":328,"column":68}},"124":{"start":{"line":331,"column":6},"end":{"line":331,"column":57}},"125":{"start":{"line":332,"column":6},"end":{"line":332,"column":16}},"126":{"start":{"line":337,"column":13},"end":{"line":337,"column":53}}},"fnMap":{"0":{"name":"(anonymous_0)","decl":{"start":{"line":36,"column":0},"end":{"line":36,"column":6}},"loc":{"start":{"line":36,"column":0},"end":{"line":335,"column":1}}},"1":{"name":"(anonymous_1)","decl":{"start":{"line":40,"column":2},"end":{"line":40,"column":14}},"loc":{"start":{"line":40,"column":16},"end":{"line":42,"column":3}}},"2":{"name":"(anonymous_2)","decl":{"start":{"line":44,"column":2},"end":{"line":44,"column":14}},"loc":{"start":{"line":44,"column":21},"end":{"line":46,"column":3}}},"3":{"name":"(anonymous_3)","decl":{"start":{"line":49,"column":10},"end":{"line":49,"column":22}},"loc":{"start":{"line":49,"column":33},"end":{"line":57,"column":3}}},"4":{"name":"(anonymous_4)","decl":{"start":{"line":60,"column":10},"end":{"line":60,"column":15}},"loc":{"start":{"line":60,"column":40},"end":{"line":113,"column":3}}},"5":{"name":"(anonymous_5)","decl":{"start":{"line":65,"column":23},"end":{"line":65,"column":24}},"loc":{"start":{"line":65,"column":35},"end":{"line":112,"column":5}}},"6":{"name":"(anonymous_6)","decl":{"start":{"line":67,"column":22},"end":{"line":67,"column":23}},"loc":{"start":{"line":67,"column":28},"end":{"line":110,"column":7}}},"7":{"name":"(anonymous_7)","decl":{"start":{"line":69,"column":21},"end":{"line":69,"column":24}},"loc":{"start":{"line":69,"column":26},"end":{"line":108,"column":9}}},"8":{"name":"(anonymous_8)","decl":{"start":{"line":94,"column":12},"end":{"line":94,"column":13}},"loc":{"start":{"line":94,"column":21},"end":{"line":104,"column":13}}},"9":{"name":"(anonymous_9)","decl":{"start":{"line":116,"column":10},"end":{"line":116,"column":15}},"loc":{"start":{"line":116,"column":57},"end":{"line":140,"column":3}}},"10":{"name":"(anonymous_10)","decl":{"start":{"line":143,"column":2},"end":{"line":143,"column":7}},"loc":{"start":{"line":143,"column":47},"end":{"line":186,"column":3}}},"11":{"name":"(anonymous_11)","decl":{"start":{"line":189,"column":2},"end":{"line":189,"column":7}},"loc":{"start":{"line":189,"column":59},"end":{"line":206,"column":3}}},"12":{"name":"(anonymous_12)","decl":{"start":{"line":209,"column":2},"end":{"line":209,"column":7}},"loc":{"start":{"line":209,"column":33},"end":{"line":239,"column":3}}},"13":{"name":"(anonymous_13)","decl":{"start":{"line":242,"column":2},"end":{"line":242,"column":22}},"loc":{"start":{"line":242,"column":70},"end":{"line":280,"column":3}}},"14":{"name":"(anonymous_14)","decl":{"start":{"line":246,"column":13},"end":{"line":246,"column":16}},"loc":{"start":{"line":246,"column":18},"end":{"line":246,"column":21}}},"15":{"name":"(anonymous_15)","decl":{"start":{"line":254,"column":25},"end":{"line":254,"column":30}},"loc":{"start":{"line":254,"column":44},"end":{"line":276,"column":5}}},"16":{"name":"(anonymous_16)","decl":{"start":{"line":276,"column":7},"end":{"line":276,"column":8}},"loc":{"start":{"line":276,"column":17},"end":{"line":279,"column":5}}},"17":{"name":"(anonymous_17)","decl":{"start":{"line":283,"column":2},"end":{"line":283,"column":7}},"loc":{"start":{"line":283,"column":47},"end":{"line":302,"column":3}}},"18":{"name":"(anonymous_18)","decl":{"start":{"line":292,"column":31},"end":{"line":292,"column":34}},"loc":{"start":{"line":292,"column":39},"end":{"line":297,"column":27}}},"19":{"name":"(anonymous_19)","decl":{"start":{"line":305,"column":2},"end":{"line":305,"column":7}},"loc":{"start":{"line":305,"column":42},"end":{"line":334,"column":3}}},"20":{"name":"(anonymous_20)","decl":{"start":{"line":315,"column":40},"end":{"line":315,"column":43}},"loc":{"start":{"line":315,"column":48},"end":{"line":320,"column":27}}},"21":{"name":"(anonymous_21)","decl":{"start":{"line":324,"column":28},"end":{"line":324,"column":31}},"loc":{"start":{"line":325,"column":8},"end":{"line":328,"column":69}}},"22":{"name":"(anonymous_22)","decl":{"start":{"line":328,"column":22},"end":{"line":328,"column":25}},"loc":{"start":{"line":328,"column":29},"end":{"line":328,"column":68}}}},"branchMap":{"0":{"loc":{"start":{"line":50,"column":4},"end":{"line":52,"column":5}},"type":"if","locations":[{"start":{"line":50,"column":4},"end":{"line":52,"column":5}}]},"1":{"loc":{"start":{"line":54,"column":4},"end":{"line":56,"column":5}},"type":"if","locations":[{"start":{"line":54,"column":4},"end":{"line":56,"column":5}}]},"2":{"loc":{"start":{"line":61,"column":4},"end":{"line":63,"column":5}},"type":"if","locations":[{"start":{"line":61,"column":4},"end":{"line":63,"column":5}}]},"3":{"loc":{"start":{"line":77,"column":10},"end":{"line":85,"column":11}},"type":"if","locations":[{"start":{"line":77,"column":10},"end":{"line":85,"column":11}}]},"4":{"loc":{"start":{"line":77,"column":14},"end":{"line":77,"column":49}},"type":"binary-expr","locations":[{"start":{"line":77,"column":14},"end":{"line":77,"column":29}},{"start":{"line":77,"column":33},"end":{"line":77,"column":49}}]},"5":{"loc":{"start":{"line":78,"column":12},"end":{"line":84,"column":13}},"type":"if","locations":[{"start":{"line":78,"column":12},"end":{"line":84,"column":13}},{"start":{"line":81,"column":19},"end":{"line":84,"column":13}}]},"6":{"loc":{"start":{"line":95,"column":14},"end":{"line":103,"column":15}},"type":"if","locations":[{"start":{"line":95,"column":14},"end":{"line":103,"column":15}},{"start":{"line":101,"column":21},"end":{"line":103,"column":15}}]},"7":{"loc":{"start":{"line":100,"column":24},"end":{"line":100,"column":79}},"type":"cond-expr","locations":[{"start":{"line":100,"column":58},"end":{"line":100,"column":72}},{"start":{"line":100,"column":75},"end":{"line":100,"column":79}}]},"8":{"loc":{"start":{"line":118,"column":4},"end":{"line":118,"column":61}},"type":"if","locations":[{"start":{"line":118,"column":4},"end":{"line":118,"column":61}}]},"9":{"loc":{"start":{"line":135,"column":4},"end":{"line":137,"column":5}},"type":"if","locations":[{"start":{"line":135,"column":4},"end":{"line":137,"column":5}}]},"10":{"loc":{"start":{"line":145,"column":4},"end":{"line":147,"column":5}},"type":"if","locations":[{"start":{"line":145,"column":4},"end":{"line":147,"column":5}}]},"11":{"loc":{"start":{"line":158,"column":14},"end":{"line":158,"column":29}},"type":"binary-expr","locations":[{"start":{"line":158,"column":14},"end":{"line":158,"column":23}},{"start":{"line":158,"column":27},"end":{"line":158,"column":29}}]},"12":{"loc":{"start":{"line":163,"column":20},"end":{"line":163,"column":46}},"type":"binary-expr","locations":[{"start":{"line":163,"column":20},"end":{"line":163,"column":35}},{"start":{"line":163,"column":39},"end":{"line":163,"column":46}}]},"13":{"loc":{"start":{"line":178,"column":22},"end":{"line":178,"column":42}},"type":"binary-expr","locations":[{"start":{"line":178,"column":22},"end":{"line":178,"column":34}},{"start":{"line":178,"column":38},"end":{"line":178,"column":42}}]},"14":{"loc":{"start":{"line":195,"column":6},"end":{"line":195,"column":63}},"type":"if","locations":[{"start":{"line":195,"column":6},"end":{"line":195,"column":63}}]},"15":{"loc":{"start":{"line":196,"column":6},"end":{"line":196,"column":84}},"type":"if","locations":[{"start":{"line":196,"column":6},"end":{"line":196,"column":84}}]},"16":{"loc":{"start":{"line":197,"column":6},"end":{"line":197,"column":75}},"type":"if","locations":[{"start":{"line":197,"column":6},"end":{"line":197,"column":75}}]},"17":{"loc":{"start":{"line":198,"column":6},"end":{"line":198,"column":63}},"type":"if","locations":[{"start":{"line":198,"column":6},"end":{"line":198,"column":63}}]},"18":{"loc":{"start":{"line":199,"column":6},"end":{"line":199,"column":81}},"type":"if","locations":[{"start":{"line":199,"column":6},"end":{"line":199,"column":81}}]},"19":{"loc":{"start":{"line":218,"column":6},"end":{"line":231,"column":7}},"type":"if","locations":[{"start":{"line":218,"column":6},"end":{"line":231,"column":7}}]},"20":{"loc":{"start":{"line":222,"column":8},"end":{"line":230,"column":9}},"type":"if","locations":[{"start":{"line":222,"column":8},"end":{"line":230,"column":9}}]},"21":{"loc":{"start":{"line":244,"column":4},"end":{"line":247,"column":5}},"type":"if","locations":[{"start":{"line":244,"column":4},"end":{"line":247,"column":5}}]},"22":{"loc":{"start":{"line":261,"column":33},"end":{"line":263,"column":59}},"type":"binary-expr","locations":[{"start":{"line":261,"column":33},"end":{"line":261,"column":64}},{"start":{"line":262,"column":31},"end":{"line":262,"column":65}},{"start":{"line":263,"column":31},"end":{"line":263,"column":59}}]},"23":{"loc":{"start":{"line":265,"column":8},"end":{"line":272,"column":9}},"type":"if","locations":[{"start":{"line":265,"column":8},"end":{"line":272,"column":9}}]},"24":{"loc":{"start":{"line":269,"column":23},"end":{"line":269,"column":61}},"type":"binary-expr","locations":[{"start":{"line":269,"column":23},"end":{"line":269,"column":47}},{"start":{"line":269,"column":51},"end":{"line":269,"column":61}}]},"25":{"loc":{"start":{"line":270,"column":23},"end":{"line":270,"column":61}},"type":"binary-expr","locations":[{"start":{"line":270,"column":23},"end":{"line":270,"column":47}},{"start":{"line":270,"column":51},"end":{"line":270,"column":61}}]},"26":{"loc":{"start":{"line":295,"column":19},"end":{"line":295,"column":63}},"type":"binary-expr","locations":[{"start":{"line":295,"column":19},"end":{"line":295,"column":49}},{"start":{"line":295,"column":53},"end":{"line":295,"column":63}}]},"27":{"loc":{"start":{"line":296,"column":19},"end":{"line":296,"column":63}},"type":"binary-expr","locations":[{"start":{"line":296,"column":19},"end":{"line":296,"column":49}},{"start":{"line":296,"column":53},"end":{"line":296,"column":63}}]},"28":{"loc":{"start":{"line":318,"column":19},"end":{"line":318,"column":63}},"type":"binary-expr","locations":[{"start":{"line":318,"column":19},"end":{"line":318,"column":49}},{"start":{"line":318,"column":53},"end":{"line":318,"column":63}}]},"29":{"loc":{"start":{"line":319,"column":19},"end":{"line":319,"column":63}},"type":"binary-expr","locations":[{"start":{"line":319,"column":19},"end":{"line":319,"column":49}},{"start":{"line":319,"column":53},"end":{"line":319,"column":63}}]},"30":{"loc":{"start":{"line":325,"column":8},"end":{"line":328,"column":69}},"type":"binary-expr","locations":[{"start":{"line":325,"column":8},"end":{"line":325,"column":52}},{"start":{"line":326,"column":8},"end":{"line":326,"column":59}},{"start":{"line":327,"column":8},"end":{"line":327,"column":56}},{"start":{"line":328,"column":8},"end":{"line":328,"column":69}}]}},"s":{"0":0,"1":0,"2":0,"3":0,"4":0,"5":0,"6":0,"7":0,"8":0,"9":0,"10":0,"11":0,"12":0,"13":0,"14":0,"15":0,"16":0,"17":0,"18":0,"19":0,"20":0,"21":0,"22":0,"23":0,"24":0,"25":0,"26":0,"27":0,"28":0,"29":0,"30":0,"31":0,"32":0,"33":0,"34":0,"35":0,"36":0,"37":0,"38":0,"39":0,"40":0,"41":0,"42":0,"43":0,"44":0,"45":0,"46":0,"47":0,"48":0,"49":0,"50":0,"51":0,"52":0,"53":0,"54":0,"55":0,"56":0,"57":0,"58":0,"59":0,"60":0,"61":0,"62":0,"63":0,"64":0,"65":0,"66":0,"67":0,"68":0,"69":0,"70":0,"71":0,"72":0,"73":0,"74":0,"75":0,"76":0,"77":0,"78":0,"79":0,"80":0,"81":0,"82":0,"83":0,"84":0,"85":0,"86":0,"87":0,"88":0,"89":0,"90":0,"91":0,"92":0,"93":0,"94":0,"95":0,"96":0,"97":0,"98":0,"99":0,"100":0,"101":0,"102":0,"103":0,"104":0,"105":0,"106":0,"107":0,"108":0,"109":0,"110":0,"111":0,"112":0,"113":0,"114":0,"115":0,"116":0,"117":0,"118":0,"119":0,"120":0,"121":0,"122":0,"123":0,"124":0,"125":0,"126":0},"f":{"0":0,"1":0,"2":0,"3":0,"4":0,"5":0,"6":0,"7":0,"8":0,"9":0,"10":0,"11":0,"12":0,"13":0,"14":0,"15":0,"16":0,"17":0,"18":0,"19":0,"20":0,"21":0,"22":0},"b":{"0":[0],"1":[0],"2":[0],"3":[0],"4":[0,0],"5":[0,0],"6":[0,0],"7":[0,0],"8":[0],"9":[0],"10":[0],"11":[0,0],"12":[0,0],"13":[0,0],"14":[0],"15":[0],"16":[0],"17":[0],"18":[0],"19":[0],"20":[0],"21":[0],"22":[0,0,0],"23":[0],"24":[0,0],"25":[0,0],"26":[0,0],"27":[0,0],"28":[0,0],"29":[0,0],"30":[0,0,0,0]}}
,"/Users/gonzaloriederer/FAMAPP/packages/shared/src/services/eventService.ts": {"path":"/Users/gonzaloriederer/FAMAPP/packages/shared/src/services/eventService.ts","statementMap":{"0":{"start":{"line":2,"column":0},"end":{"line":2,"column":null}},"1":{"start":{"line":16,"column":0},"end":{"line":16,"column":49}},"2":{"start":{"line":17,"column":0},"end":{"line":17,"column":44}},"3":{"start":{"line":28,"column":19},"end":{"line":28,"column":46}},"4":{"start":{"line":31,"column":4},"end":{"line":31,"column":36}},"5":{"start":{"line":36,"column":17},"end":{"line":36,"column":45}},"6":{"start":{"line":37,"column":4},"end":{"line":39,"column":5}},"7":{"start":{"line":38,"column":6},"end":{"line":38,"column":69}},"8":{"start":{"line":41,"column":4},"end":{"line":65,"column":5}},"9":{"start":{"line":42,"column":29},"end":{"line":53,"column":8}},"10":{"start":{"line":56,"column":6},"end":{"line":58,"column":7}},"11":{"start":{"line":57,"column":8},"end":{"line":57,"column":47}},"12":{"start":{"line":60,"column":21},"end":{"line":60,"column":87}},"13":{"start":{"line":61,"column":6},"end":{"line":61,"column":23}},"14":{"start":{"line":63,"column":6},"end":{"line":63,"column":52}},"15":{"start":{"line":64,"column":6},"end":{"line":64,"column":18}},"16":{"start":{"line":70,"column":4},"end":{"line":104,"column":5}},"17":{"start":{"line":71,"column":23},"end":{"line":71,"column":61}},"18":{"start":{"line":72,"column":30},"end":{"line":74,"column":8}},"19":{"start":{"line":77,"column":6},"end":{"line":77,"column":66}},"20":{"start":{"line":77,"column":36},"end":{"line":77,"column":66}},"21":{"start":{"line":78,"column":6},"end":{"line":78,"column":92}},"22":{"start":{"line":78,"column":42},"end":{"line":78,"column":92}},"23":{"start":{"line":79,"column":6},"end":{"line":79,"column":69}},"24":{"start":{"line":79,"column":37},"end":{"line":79,"column":69}},"25":{"start":{"line":80,"column":6},"end":{"line":80,"column":78}},"26":{"start":{"line":80,"column":40},"end":{"line":80,"column":78}},"27":{"start":{"line":81,"column":6},"end":{"line":81,"column":66}},"28":{"start":{"line":81,"column":36},"end":{"line":81,"column":66}},"29":{"start":{"line":83,"column":6},"end":{"line":85,"column":7}},"30":{"start":{"line":84,"column":8},"end":{"line":84,"column":66}},"31":{"start":{"line":86,"column":6},"end":{"line":88,"column":7}},"32":{"start":{"line":87,"column":8},"end":{"line":87,"column":62}},"33":{"start":{"line":91,"column":6},"end":{"line":98,"column":7}},"34":{"start":{"line":92,"column":8},"end":{"line":97,"column":9}},"35":{"start":{"line":93,"column":10},"end":{"line":93,"column":50}},"36":{"start":{"line":96,"column":10},"end":{"line":96,"column":39}},"37":{"start":{"line":100,"column":6},"end":{"line":100,"column":44}},"38":{"start":{"line":102,"column":6},"end":{"line":102,"column":52}},"39":{"start":{"line":103,"column":6},"end":{"line":103,"column":18}},"40":{"start":{"line":109,"column":4},"end":{"line":114,"column":5}},"41":{"start":{"line":110,"column":6},"end":{"line":110,"column":62}},"42":{"start":{"line":112,"column":6},"end":{"line":112,"column":52}},"43":{"start":{"line":113,"column":6},"end":{"line":113,"column":18}},"44":{"start":{"line":119,"column":4},"end":{"line":139,"column":5}},"45":{"start":{"line":120,"column":16},"end":{"line":124,"column":null}},"46":{"start":{"line":127,"column":23},"end":{"line":127,"column":39}},"47":{"start":{"line":128,"column":6},"end":{"line":135,"column":27}},"48":{"start":{"line":128,"column":39},"end":{"line":135,"column":26}},"49":{"start":{"line":137,"column":6},"end":{"line":137,"column":53}},"50":{"start":{"line":138,"column":6},"end":{"line":138,"column":18}},"51":{"start":{"line":148,"column":14},"end":{"line":152,"column":null}},"52":{"start":{"line":155,"column":4},"end":{"line":168,"column":7}},"53":{"start":{"line":156,"column":38},"end":{"line":163,"column":26}},"54":{"start":{"line":156,"column":64},"end":{"line":163,"column":26}},"55":{"start":{"line":165,"column":6},"end":{"line":165,"column":23}},"56":{"start":{"line":167,"column":6},"end":{"line":167,"column":53}},"57":{"start":{"line":173,"column":4},"end":{"line":195,"column":5}},"58":{"start":{"line":174,"column":18},"end":{"line":174,"column":28}},"59":{"start":{"line":175,"column":16},"end":{"line":178,"column":null}},"60":{"start":{"line":181,"column":23},"end":{"line":181,"column":39}},"61":{"start":{"line":182,"column":21},"end":{"line":189,"column":26}},"62":{"start":{"line":182,"column":47},"end":{"line":189,"column":26}},"63":{"start":{"line":191,"column":6},"end":{"line":191,"column":36}},"64":{"start":{"line":193,"column":6},"end":{"line":193,"column":62}},"65":{"start":{"line":194,"column":6},"end":{"line":194,"column":18}},"66":{"start":{"line":199,"column":13},"end":{"line":199,"column":47}}},"fnMap":{"0":{"name":"(anonymous_0)","decl":{"start":{"line":27,"column":0},"end":{"line":27,"column":6}},"loc":{"start":{"line":27,"column":0},"end":{"line":197,"column":1}}},"1":{"name":"(anonymous_1)","decl":{"start":{"line":30,"column":2},"end":{"line":30,"column":14}},"loc":{"start":{"line":30,"column":16},"end":{"line":32,"column":3}}},"2":{"name":"(anonymous_2)","decl":{"start":{"line":35,"column":2},"end":{"line":35,"column":7}},"loc":{"start":{"line":35,"column":41},"end":{"line":66,"column":3}}},"3":{"name":"(anonymous_3)","decl":{"start":{"line":69,"column":2},"end":{"line":69,"column":7}},"loc":{"start":{"line":69,"column":53},"end":{"line":105,"column":3}}},"4":{"name":"(anonymous_4)","decl":{"start":{"line":108,"column":2},"end":{"line":108,"column":7}},"loc":{"start":{"line":108,"column":30},"end":{"line":115,"column":3}}},"5":{"name":"(anonymous_5)","decl":{"start":{"line":118,"column":2},"end":{"line":118,"column":7}},"loc":{"start":{"line":118,"column":55},"end":{"line":140,"column":3}}},"6":{"name":"(anonymous_6)","decl":{"start":{"line":128,"column":31},"end":{"line":128,"column":34}},"loc":{"start":{"line":128,"column":39},"end":{"line":135,"column":26}}},"7":{"name":"(anonymous_7)","decl":{"start":{"line":143,"column":2},"end":{"line":143,"column":19}},"loc":{"start":{"line":146,"column":47},"end":{"line":169,"column":3}}},"8":{"name":"(anonymous_8)","decl":{"start":{"line":155,"column":25},"end":{"line":155,"column":26}},"loc":{"start":{"line":155,"column":38},"end":{"line":166,"column":5}}},"9":{"name":"(anonymous_9)","decl":{"start":{"line":156,"column":56},"end":{"line":156,"column":59}},"loc":{"start":{"line":156,"column":64},"end":{"line":163,"column":26}}},"10":{"name":"(anonymous_10)","decl":{"start":{"line":166,"column":7},"end":{"line":166,"column":8}},"loc":{"start":{"line":166,"column":17},"end":{"line":168,"column":5}}},"11":{"name":"(anonymous_11)","decl":{"start":{"line":172,"column":2},"end":{"line":172,"column":7}},"loc":{"start":{"line":172,"column":43},"end":{"line":196,"column":3}}},"12":{"name":"(anonymous_12)","decl":{"start":{"line":182,"column":39},"end":{"line":182,"column":42}},"loc":{"start":{"line":182,"column":47},"end":{"line":189,"column":26}}}},"branchMap":{"0":{"loc":{"start":{"line":37,"column":4},"end":{"line":39,"column":5}},"type":"if","locations":[{"start":{"line":37,"column":4},"end":{"line":39,"column":5}}]},"1":{"loc":{"start":{"line":44,"column":21},"end":{"line":44,"column":45}},"type":"binary-expr","locations":[{"start":{"line":44,"column":21},"end":{"line":44,"column":37}},{"start":{"line":44,"column":41},"end":{"line":44,"column":45}}]},"2":{"loc":{"start":{"line":47,"column":16},"end":{"line":47,"column":36}},"type":"binary-expr","locations":[{"start":{"line":47,"column":16},"end":{"line":47,"column":27}},{"start":{"line":47,"column":31},"end":{"line":47,"column":36}}]},"3":{"loc":{"start":{"line":48,"column":19},"end":{"line":48,"column":43}},"type":"binary-expr","locations":[{"start":{"line":48,"column":19},"end":{"line":48,"column":33}},{"start":{"line":48,"column":37},"end":{"line":48,"column":43}}]},"4":{"loc":{"start":{"line":49,"column":15},"end":{"line":49,"column":38}},"type":"binary-expr","locations":[{"start":{"line":49,"column":15},"end":{"line":49,"column":25}},{"start":{"line":49,"column":29},"end":{"line":49,"column":38}}]},"5":{"loc":{"start":{"line":56,"column":6},"end":{"line":58,"column":7}},"type":"if","locations":[{"start":{"line":56,"column":6},"end":{"line":58,"column":7}}]},"6":{"loc":{"start":{"line":77,"column":6},"end":{"line":77,"column":66}},"type":"if","locations":[{"start":{"line":77,"column":6},"end":{"line":77,"column":66}}]},"7":{"loc":{"start":{"line":78,"column":6},"end":{"line":78,"column":92}},"type":"if","locations":[{"start":{"line":78,"column":6},"end":{"line":78,"column":92}}]},"8":{"loc":{"start":{"line":78,"column":67},"end":{"line":78,"column":91}},"type":"binary-expr","locations":[{"start":{"line":78,"column":67},"end":{"line":78,"column":83}},{"start":{"line":78,"column":87},"end":{"line":78,"column":91}}]},"9":{"loc":{"start":{"line":79,"column":6},"end":{"line":79,"column":69}},"type":"if","locations":[{"start":{"line":79,"column":6},"end":{"line":79,"column":69}}]},"10":{"loc":{"start":{"line":80,"column":6},"end":{"line":80,"column":78}},"type":"if","locations":[{"start":{"line":80,"column":6},"end":{"line":80,"column":78}}]},"11":{"loc":{"start":{"line":81,"column":6},"end":{"line":81,"column":66}},"type":"if","locations":[{"start":{"line":81,"column":6},"end":{"line":81,"column":66}}]},"12":{"loc":{"start":{"line":83,"column":6},"end":{"line":85,"column":7}},"type":"if","locations":[{"start":{"line":83,"column":6},"end":{"line":85,"column":7}}]},"13":{"loc":{"start":{"line":86,"column":6},"end":{"line":88,"column":7}},"type":"if","locations":[{"start":{"line":86,"column":6},"end":{"line":88,"column":7}}]},"14":{"loc":{"start":{"line":91,"column":6},"end":{"line":98,"column":7}},"type":"if","locations":[{"start":{"line":91,"column":6},"end":{"line":98,"column":7}}]},"15":{"loc":{"start":{"line":92,"column":8},"end":{"line":97,"column":9}},"type":"if","locations":[{"start":{"line":92,"column":8},"end":{"line":97,"column":9}},{"start":{"line":94,"column":15},"end":{"line":97,"column":9}}]},"16":{"loc":{"start":{"line":133,"column":19},"end":{"line":133,"column":63}},"type":"binary-expr","locations":[{"start":{"line":133,"column":19},"end":{"line":133,"column":49}},{"start":{"line":133,"column":53},"end":{"line":133,"column":63}}]},"17":{"loc":{"start":{"line":134,"column":19},"end":{"line":134,"column":63}},"type":"binary-expr","locations":[{"start":{"line":134,"column":19},"end":{"line":134,"column":49}},{"start":{"line":134,"column":53},"end":{"line":134,"column":63}}]},"18":{"loc":{"start":{"line":161,"column":19},"end":{"line":161,"column":63}},"type":"binary-expr","locations":[{"start":{"line":161,"column":19},"end":{"line":161,"column":49}},{"start":{"line":161,"column":53},"end":{"line":161,"column":63}}]},"19":{"loc":{"start":{"line":162,"column":19},"end":{"line":162,"column":63}},"type":"binary-expr","locations":[{"start":{"line":162,"column":19},"end":{"line":162,"column":49}},{"start":{"line":162,"column":53},"end":{"line":162,"column":63}}]},"20":{"loc":{"start":{"line":172,"column":26},"end":{"line":172,"column":43}},"type":"default-arg","locations":[{"start":{"line":172,"column":42},"end":{"line":172,"column":43}}]},"21":{"loc":{"start":{"line":187,"column":19},"end":{"line":187,"column":63}},"type":"binary-expr","locations":[{"start":{"line":187,"column":19},"end":{"line":187,"column":49}},{"start":{"line":187,"column":53},"end":{"line":187,"column":63}}]},"22":{"loc":{"start":{"line":188,"column":19},"end":{"line":188,"column":63}},"type":"binary-expr","locations":[{"start":{"line":188,"column":19},"end":{"line":188,"column":49}},{"start":{"line":188,"column":53},"end":{"line":188,"column":63}}]}},"s":{"0":0,"1":0,"2":0,"3":0,"4":0,"5":0,"6":0,"7":0,"8":0,"9":0,"10":0,"11":0,"12":0,"13":0,"14":0,"15":0,"16":0,"17":0,"18":0,"19":0,"20":0,"21":0,"22":0,"23":0,"24":0,"25":0,"26":0,"27":0,"28":0,"29":0,"30":0,"31":0,"32":0,"33":0,"34":0,"35":0,"36":0,"37":0,"38":0,"39":0,"40":0,"41":0,"42":0,"43":0,"44":0,"45":0,"46":0,"47":0,"48":0,"49":0,"50":0,"51":0,"52":0,"53":0,"54":0,"55":0,"56":0,"57":0,"58":0,"59":0,"60":0,"61":0,"62":0,"63":0,"64":0,"65":0,"66":0},"f":{"0":0,"1":0,"2":0,"3":0,"4":0,"5":0,"6":0,"7":0,"8":0,"9":0,"10":0,"11":0,"12":0},"b":{"0":[0],"1":[0,0],"2":[0,0],"3":[0,0],"4":[0,0],"5":[0],"6":[0],"7":[0],"8":[0,0],"9":[0],"10":[0],"11":[0],"12":[0],"13":[0],"14":[0],"15":[0,0],"16":[0,0],"17":[0,0],"18":[0,0],"19":[0,0],"20":[0],"21":[0,0],"22":[0,0]}}
,"/Users/gonzaloriederer/FAMAPP/packages/shared/src/services/firebase.ts": {"path":"/Users/gonzaloriederer/FAMAPP/packages/shared/src/services/firebase.ts","statementMap":{"0":{"start":{"line":34,"column":0},"end":{"line":34,"column":16}},"1":{"start":{"line":38,"column":0},"end":{"line":38,"column":16}},"2":{"start":{"line":32,"column":48},"end":{"line":32,"column":52}},"3":{"start":{"line":35,"column":2},"end":{"line":35,"column":30}},"4":{"start":{"line":39,"column":2},"end":{"line":41,"column":3}},"5":{"start":{"line":40,"column":4},"end":{"line":40,"column":92}},"6":{"start":{"line":42,"column":2},"end":{"line":42,"column":26}}},"fnMap":{"0":{"name":"setFirebaseServices","decl":{"start":{"line":34,"column":16},"end":{"line":34,"column":35}},"loc":{"start":{"line":34,"column":62},"end":{"line":36,"column":1}}},"1":{"name":"getFirebaseServices","decl":{"start":{"line":38,"column":16},"end":{"line":38,"column":35}},"loc":{"start":{"line":38,"column":35},"end":{"line":43,"column":1}}}},"branchMap":{"0":{"loc":{"start":{"line":39,"column":2},"end":{"line":41,"column":3}},"type":"if","locations":[{"start":{"line":39,"column":2},"end":{"line":41,"column":3}}]}},"s":{"0":1,"1":1,"2":1,"3":2,"4":2,"5":1,"6":1},"f":{"0":2,"1":2},"b":{"0":[1]}}
,"/Users/gonzaloriederer/FAMAPP/packages/shared/src/services/groceryService.ts": {"path":"/Users/gonzaloriederer/FAMAPP/packages/shared/src/services/groceryService.ts","statementMap":{"0":{"start":{"line":2,"column":0},"end":{"line":2,"column":null}},"1":{"start":{"line":15,"column":0},"end":{"line":15,"column":49}},"2":{"start":{"line":16,"column":0},"end":{"line":16,"column":44}},"3":{"start":{"line":30,"column":19},"end":{"line":30,"column":54}},"4":{"start":{"line":31,"column":19},"end":{"line":31,"column":54}},"5":{"start":{"line":34,"column":4},"end":{"line":34,"column":36}},"6":{"start":{"line":39,"column":17},"end":{"line":39,"column":45}},"7":{"start":{"line":40,"column":4},"end":{"line":42,"column":5}},"8":{"start":{"line":41,"column":6},"end":{"line":41,"column":76}},"9":{"start":{"line":44,"column":4},"end":{"line":67,"column":5}},"10":{"start":{"line":46,"column":29},"end":{"line":52,"column":8}},"11":{"start":{"line":55,"column":6},"end":{"line":57,"column":7}},"12":{"start":{"line":56,"column":8},"end":{"line":56,"column":49}},"13":{"start":{"line":58,"column":6},"end":{"line":60,"column":7}},"14":{"start":{"line":59,"column":8},"end":{"line":59,"column":47}},"15":{"start":{"line":62,"column":21},"end":{"line":62,"column":88}},"16":{"start":{"line":63,"column":6},"end":{"line":63,"column":23}},"17":{"start":{"line":65,"column":6},"end":{"line":65,"column":59}},"18":{"start":{"line":66,"column":6},"end":{"line":66,"column":18}},"19":{"start":{"line":72,"column":4},"end":{"line":95,"column":5}},"20":{"start":{"line":73,"column":22},"end":{"line":73,"column":61}},"21":{"start":{"line":76,"column":29},"end":{"line":78,"column":8}},"22":{"start":{"line":81,"column":6},"end":{"line":83,"column":7}},"23":{"start":{"line":82,"column":8},"end":{"line":82,"column":35}},"24":{"start":{"line":84,"column":6},"end":{"line":86,"column":7}},"25":{"start":{"line":85,"column":8},"end":{"line":85,"column":49}},"26":{"start":{"line":87,"column":6},"end":{"line":89,"column":7}},"27":{"start":{"line":88,"column":8},"end":{"line":88,"column":47}},"28":{"start":{"line":91,"column":6},"end":{"line":91,"column":42}},"29":{"start":{"line":93,"column":6},"end":{"line":93,"column":59}},"30":{"start":{"line":94,"column":6},"end":{"line":94,"column":18}},"31":{"start":{"line":100,"column":4},"end":{"line":116,"column":5}},"32":{"start":{"line":102,"column":25},"end":{"line":104,"column":null}},"33":{"start":{"line":106,"column":28},"end":{"line":106,"column":53}},"34":{"start":{"line":108,"column":29},"end":{"line":108,"column":78}},"35":{"start":{"line":108,"column":59},"end":{"line":108,"column":77}},"36":{"start":{"line":109,"column":6},"end":{"line":109,"column":40}},"37":{"start":{"line":112,"column":6},"end":{"line":112,"column":63}},"38":{"start":{"line":114,"column":6},"end":{"line":114,"column":59}},"39":{"start":{"line":115,"column":6},"end":{"line":115,"column":18}},"40":{"start":{"line":121,"column":4},"end":{"line":139,"column":5}},"41":{"start":{"line":122,"column":22},"end":{"line":122,"column":61}},"42":{"start":{"line":125,"column":27},"end":{"line":125,"column":120}},"43":{"start":{"line":126,"column":6},"end":{"line":126,"column":64}},"44":{"start":{"line":126,"column":30},"end":{"line":126,"column":64}},"45":{"start":{"line":128,"column":26},"end":{"line":128,"column":53}},"46":{"start":{"line":129,"column":27},"end":{"line":129,"column":49}},"47":{"start":{"line":131,"column":6},"end":{"line":135,"column":9}},"48":{"start":{"line":137,"column":6},"end":{"line":137,"column":70}},"49":{"start":{"line":138,"column":6},"end":{"line":138,"column":18}},"50":{"start":{"line":144,"column":17},"end":{"line":144,"column":45}},"51":{"start":{"line":145,"column":4},"end":{"line":147,"column":5}},"52":{"start":{"line":146,"column":6},"end":{"line":146,"column":73}},"53":{"start":{"line":149,"column":4},"end":{"line":182,"column":5}},"54":{"start":{"line":151,"column":29},"end":{"line":161,"column":8}},"55":{"start":{"line":164,"column":6},"end":{"line":166,"column":7}},"56":{"start":{"line":165,"column":8},"end":{"line":165,"column":37}},"57":{"start":{"line":167,"column":6},"end":{"line":169,"column":7}},"58":{"start":{"line":168,"column":8},"end":{"line":168,"column":37}},"59":{"start":{"line":171,"column":21},"end":{"line":171,"column":88}},"60":{"start":{"line":174,"column":6},"end":{"line":176,"column":9}},"61":{"start":{"line":178,"column":6},"end":{"line":178,"column":23}},"62":{"start":{"line":180,"column":6},"end":{"line":180,"column":57}},"63":{"start":{"line":181,"column":6},"end":{"line":181,"column":18}},"64":{"start":{"line":187,"column":17},"end":{"line":187,"column":45}},"65":{"start":{"line":188,"column":4},"end":{"line":190,"column":5}},"66":{"start":{"line":189,"column":6},"end":{"line":189,"column":76}},"67":{"start":{"line":192,"column":4},"end":{"line":233,"column":5}},"68":{"start":{"line":194,"column":30},"end":{"line":196,"column":8}},"69":{"start":{"line":199,"column":6},"end":{"line":201,"column":7}},"70":{"start":{"line":200,"column":8},"end":{"line":200,"column":36}},"71":{"start":{"line":202,"column":6},"end":{"line":204,"column":7}},"72":{"start":{"line":203,"column":8},"end":{"line":203,"column":44}},"73":{"start":{"line":205,"column":6},"end":{"line":207,"column":7}},"74":{"start":{"line":206,"column":8},"end":{"line":206,"column":44}},"75":{"start":{"line":208,"column":6},"end":{"line":210,"column":7}},"76":{"start":{"line":209,"column":8},"end":{"line":209,"column":36}},"77":{"start":{"line":211,"column":6},"end":{"line":213,"column":7}},"78":{"start":{"line":212,"column":8},"end":{"line":212,"column":38}},"79":{"start":{"line":214,"column":6},"end":{"line":216,"column":7}},"80":{"start":{"line":215,"column":8},"end":{"line":215,"column":38}},"81":{"start":{"line":217,"column":6},"end":{"line":219,"column":7}},"82":{"start":{"line":218,"column":8},"end":{"line":218,"column":42}},"83":{"start":{"line":221,"column":6},"end":{"line":227,"column":7}},"84":{"start":{"line":222,"column":8},"end":{"line":222,"column":40}},"85":{"start":{"line":223,"column":8},"end":{"line":223,"column":49}},"86":{"start":{"line":224,"column":13},"end":{"line":227,"column":7}},"87":{"start":{"line":225,"column":8},"end":{"line":225,"column":36}},"88":{"start":{"line":226,"column":8},"end":{"line":226,"column":36}},"89":{"start":{"line":229,"column":6},"end":{"line":229,"column":75}},"90":{"start":{"line":231,"column":6},"end":{"line":231,"column":59}},"91":{"start":{"line":232,"column":6},"end":{"line":232,"column":18}},"92":{"start":{"line":238,"column":4},"end":{"line":243,"column":5}},"93":{"start":{"line":239,"column":6},"end":{"line":239,"column":63}},"94":{"start":{"line":241,"column":6},"end":{"line":241,"column":59}},"95":{"start":{"line":242,"column":6},"end":{"line":242,"column":18}},"96":{"start":{"line":248,"column":4},"end":{"line":273,"column":5}},"97":{"start":{"line":250,"column":25},"end":{"line":252,"column":null}},"98":{"start":{"line":254,"column":27},"end":{"line":254,"column":52}},"99":{"start":{"line":256,"column":6},"end":{"line":256,"column":64}},"100":{"start":{"line":256,"column":30},"end":{"line":256,"column":64}},"101":{"start":{"line":258,"column":26},"end":{"line":258,"column":53}},"102":{"start":{"line":259,"column":25},"end":{"line":259,"column":45}},"103":{"start":{"line":260,"column":21},"end":{"line":260,"column":39}},"104":{"start":{"line":262,"column":6},"end":{"line":262,"column":64}},"105":{"start":{"line":265,"column":6},"end":{"line":269,"column":7}},"106":{"start":{"line":266,"column":8},"end":{"line":268,"column":11}},"107":{"start":{"line":271,"column":6},"end":{"line":271,"column":59}},"108":{"start":{"line":272,"column":6},"end":{"line":272,"column":18}},"109":{"start":{"line":278,"column":14},"end":{"line":280,"column":null}},"110":{"start":{"line":283,"column":4},"end":{"line":439,"column":7}},"111":{"start":{"line":284,"column":6},"end":{"line":438,"column":7}},"112":{"start":{"line":285,"column":37},"end":{"line":285,"column":39}},"113":{"start":{"line":287,"column":8},"end":{"line":370,"column":9}},"114":{"start":{"line":288,"column":27},"end":{"line":288,"column":41}},"115":{"start":{"line":290,"column":10},"end":{"line":369,"column":11}},"116":{"start":{"line":292,"column":31},"end":{"line":295,"column":null}},"117":{"start":{"line":298,"column":34},"end":{"line":298,"column":59}},"118":{"start":{"line":299,"column":41},"end":{"line":305,"column":30}},"119":{"start":{"line":299,"column":76},"end":{"line":305,"column":30}},"120":{"start":{"line":307,"column":12},"end":{"line":314,"column":30}},"121":{"start":{"line":316,"column":12},"end":{"line":368,"column":13}},"122":{"start":{"line":317,"column":14},"end":{"line":317,"column":96}},"123":{"start":{"line":319,"column":36},"end":{"line":321,"column":null}},"124":{"start":{"line":324,"column":14},"end":{"line":356,"column":15}},"125":{"start":{"line":325,"column":38},"end":{"line":325,"column":66}},"126":{"start":{"line":326,"column":45},"end":{"line":332,"column":34}},"127":{"start":{"line":326,"column":80},"end":{"line":332,"column":34}},"128":{"start":{"line":335,"column":16},"end":{"line":335,"column":84}},"129":{"start":{"line":335,"column":37},"end":{"line":335,"column":82}},"130":{"start":{"line":337,"column":16},"end":{"line":344,"column":34}},"131":{"start":{"line":346,"column":16},"end":{"line":346,"column":76}},"132":{"start":{"line":348,"column":16},"end":{"line":355,"column":26}},"133":{"start":{"line":358,"column":14},"end":{"line":358,"column":74}},"134":{"start":{"line":360,"column":14},"end":{"line":367,"column":24}},"135":{"start":{"line":372,"column":8},"end":{"line":372,"column":24}},"136":{"start":{"line":374,"column":8},"end":{"line":437,"column":9}},"137":{"start":{"line":375,"column":10},"end":{"line":375,"column":92}},"138":{"start":{"line":377,"column":28},"end":{"line":377,"column":77}},"139":{"start":{"line":379,"column":10},"end":{"line":433,"column":13}},"140":{"start":{"line":380,"column":12},"end":{"line":432,"column":13}},"141":{"start":{"line":381,"column":43},"end":{"line":381,"column":45}},"142":{"start":{"line":383,"column":14},"end":{"line":424,"column":15}},"143":{"start":{"line":384,"column":33},"end":{"line":384,"column":47}},"144":{"start":{"line":387,"column":35},"end":{"line":389,"column":null}},"145":{"start":{"line":392,"column":16},"end":{"line":423,"column":17}},"146":{"start":{"line":393,"column":40},"end":{"line":393,"column":65}},"147":{"start":{"line":394,"column":47},"end":{"line":400,"column":36}},"148":{"start":{"line":394,"column":82},"end":{"line":400,"column":36}},"149":{"start":{"line":403,"column":18},"end":{"line":403,"column":86}},"150":{"start":{"line":403,"column":39},"end":{"line":403,"column":84}},"151":{"start":{"line":405,"column":18},"end":{"line":412,"column":36}},"152":{"start":{"line":415,"column":18},"end":{"line":422,"column":28}},"153":{"start":{"line":427,"column":14},"end":{"line":427,"column":82}},"154":{"start":{"line":427,"column":35},"end":{"line":427,"column":80}},"155":{"start":{"line":428,"column":14},"end":{"line":428,"column":30}},"156":{"start":{"line":430,"column":14},"end":{"line":430,"column":83}},"157":{"start":{"line":431,"column":14},"end":{"line":431,"column":27}},"158":{"start":{"line":435,"column":10},"end":{"line":435,"column":64}},"159":{"start":{"line":436,"column":10},"end":{"line":436,"column":23}},"160":{"start":{"line":444,"column":14},"end":{"line":447,"column":null}},"161":{"start":{"line":450,"column":4},"end":{"line":489,"column":7}},"162":{"start":{"line":451,"column":35},"end":{"line":457,"column":24}},"163":{"start":{"line":451,"column":61},"end":{"line":457,"column":24}},"164":{"start":{"line":459,"column":6},"end":{"line":459,"column":22}},"165":{"start":{"line":461,"column":6},"end":{"line":488,"column":7}},"166":{"start":{"line":462,"column":8},"end":{"line":462,"column":90}},"167":{"start":{"line":464,"column":26},"end":{"line":466,"column":null}},"168":{"start":{"line":469,"column":8},"end":{"line":484,"column":11}},"169":{"start":{"line":470,"column":39},"end":{"line":476,"column":28}},"170":{"start":{"line":470,"column":73},"end":{"line":476,"column":28}},"171":{"start":{"line":479,"column":10},"end":{"line":479,"column":78}},"172":{"start":{"line":479,"column":31},"end":{"line":479,"column":76}},"173":{"start":{"line":480,"column":10},"end":{"line":480,"column":26}},"174":{"start":{"line":482,"column":10},"end":{"line":482,"column":79}},"175":{"start":{"line":483,"column":10},"end":{"line":483,"column":23}},"176":{"start":{"line":486,"column":8},"end":{"line":486,"column":62}},"177":{"start":{"line":487,"column":8},"end":{"line":487,"column":21}},"178":{"start":{"line":494,"column":4},"end":{"line":511,"column":5}},"179":{"start":{"line":495,"column":28},"end":{"line":495,"column":85}},"180":{"start":{"line":496,"column":28},"end":{"line":496,"column":85}},"181":{"start":{"line":498,"column":20},"end":{"line":498,"column":61}},"182":{"start":{"line":498,"column":50},"end":{"line":498,"column":60}},"183":{"start":{"line":499,"column":20},"end":{"line":499,"column":61}},"184":{"start":{"line":499,"column":50},"end":{"line":499,"column":60}},"185":{"start":{"line":501,"column":6},"end":{"line":507,"column":8}},"186":{"start":{"line":503,"column":42},"end":{"line":503,"column":57}},"187":{"start":{"line":504,"column":45},"end":{"line":504,"column":59}},"188":{"start":{"line":506,"column":43},"end":{"line":506,"column":55}},"189":{"start":{"line":509,"column":6},"end":{"line":509,"column":60}},"190":{"start":{"line":510,"column":6},"end":{"line":510,"column":18}},"191":{"start":{"line":515,"column":13},"end":{"line":515,"column":51}}},"fnMap":{"0":{"name":"(anonymous_0)","decl":{"start":{"line":29,"column":0},"end":{"line":29,"column":6}},"loc":{"start":{"line":29,"column":0},"end":{"line":513,"column":1}}},"1":{"name":"(anonymous_1)","decl":{"start":{"line":33,"column":2},"end":{"line":33,"column":14}},"loc":{"start":{"line":33,"column":16},"end":{"line":35,"column":3}}},"2":{"name":"(anonymous_2)","decl":{"start":{"line":38,"column":2},"end":{"line":38,"column":7}},"loc":{"start":{"line":38,"column":53},"end":{"line":68,"column":3}}},"3":{"name":"(anonymous_3)","decl":{"start":{"line":71,"column":2},"end":{"line":71,"column":7}},"loc":{"start":{"line":71,"column":74},"end":{"line":96,"column":3}}},"4":{"name":"(anonymous_4)","decl":{"start":{"line":99,"column":2},"end":{"line":99,"column":7}},"loc":{"start":{"line":99,"column":36},"end":{"line":117,"column":3}}},"5":{"name":"(anonymous_5)","decl":{"start":{"line":108,"column":52},"end":{"line":108,"column":55}},"loc":{"start":{"line":108,"column":59},"end":{"line":108,"column":77}}},"6":{"name":"(anonymous_6)","decl":{"start":{"line":120,"column":2},"end":{"line":120,"column":7}},"loc":{"start":{"line":120,"column":46},"end":{"line":140,"column":3}}},"7":{"name":"(anonymous_7)","decl":{"start":{"line":143,"column":2},"end":{"line":143,"column":7}},"loc":{"start":{"line":143,"column":66},"end":{"line":183,"column":3}}},"8":{"name":"(anonymous_8)","decl":{"start":{"line":186,"column":2},"end":{"line":186,"column":7}},"loc":{"start":{"line":186,"column":65},"end":{"line":234,"column":3}}},"9":{"name":"(anonymous_9)","decl":{"start":{"line":237,"column":2},"end":{"line":237,"column":7}},"loc":{"start":{"line":237,"column":36},"end":{"line":244,"column":3}}},"10":{"name":"(anonymous_10)","decl":{"start":{"line":247,"column":2},"end":{"line":247,"column":7}},"loc":{"start":{"line":247,"column":36},"end":{"line":274,"column":3}}},"11":{"name":"(anonymous_11)","decl":{"start":{"line":277,"column":2},"end":{"line":277,"column":25}},"loc":{"start":{"line":277,"column":66},"end":{"line":440,"column":3}}},"12":{"name":"(anonymous_12)","decl":{"start":{"line":283,"column":25},"end":{"line":283,"column":30}},"loc":{"start":{"line":283,"column":44},"end":{"line":439,"column":5}}},"13":{"name":"(anonymous_13)","decl":{"start":{"line":299,"column":64},"end":{"line":299,"column":71}},"loc":{"start":{"line":299,"column":76},"end":{"line":305,"column":30}}},"14":{"name":"(anonymous_14)","decl":{"start":{"line":326,"column":68},"end":{"line":326,"column":75}},"loc":{"start":{"line":326,"column":80},"end":{"line":332,"column":34}}},"15":{"name":"(anonymous_15)","decl":{"start":{"line":335,"column":27},"end":{"line":335,"column":28}},"loc":{"start":{"line":335,"column":37},"end":{"line":335,"column":82}}},"16":{"name":"(anonymous_16)","decl":{"start":{"line":379,"column":39},"end":{"line":379,"column":44}},"loc":{"start":{"line":379,"column":66},"end":{"line":433,"column":11}}},"17":{"name":"(anonymous_17)","decl":{"start":{"line":394,"column":70},"end":{"line":394,"column":77}},"loc":{"start":{"line":394,"column":82},"end":{"line":400,"column":36}}},"18":{"name":"(anonymous_18)","decl":{"start":{"line":403,"column":29},"end":{"line":403,"column":30}},"loc":{"start":{"line":403,"column":39},"end":{"line":403,"column":84}}},"19":{"name":"(anonymous_19)","decl":{"start":{"line":427,"column":25},"end":{"line":427,"column":26}},"loc":{"start":{"line":427,"column":35},"end":{"line":427,"column":80}}},"20":{"name":"(anonymous_20)","decl":{"start":{"line":443,"column":2},"end":{"line":443,"column":25}},"loc":{"start":{"line":443,"column":82},"end":{"line":490,"column":3}}},"21":{"name":"(anonymous_21)","decl":{"start":{"line":450,"column":25},"end":{"line":450,"column":26}},"loc":{"start":{"line":450,"column":38},"end":{"line":460,"column":5}}},"22":{"name":"(anonymous_22)","decl":{"start":{"line":451,"column":53},"end":{"line":451,"column":56}},"loc":{"start":{"line":451,"column":61},"end":{"line":457,"column":24}}},"23":{"name":"(anonymous_23)","decl":{"start":{"line":460,"column":7},"end":{"line":460,"column":8}},"loc":{"start":{"line":460,"column":22},"end":{"line":489,"column":5}}},"24":{"name":"(anonymous_24)","decl":{"start":{"line":469,"column":37},"end":{"line":469,"column":38}},"loc":{"start":{"line":469,"column":58},"end":{"line":481,"column":9}}},"25":{"name":"(anonymous_25)","decl":{"start":{"line":470,"column":65},"end":{"line":470,"column":68}},"loc":{"start":{"line":470,"column":73},"end":{"line":476,"column":28}}},"26":{"name":"(anonymous_26)","decl":{"start":{"line":479,"column":21},"end":{"line":479,"column":22}},"loc":{"start":{"line":479,"column":31},"end":{"line":479,"column":76}}},"27":{"name":"(anonymous_27)","decl":{"start":{"line":481,"column":11},"end":{"line":481,"column":12}},"loc":{"start":{"line":481,"column":29},"end":{"line":484,"column":9}}},"28":{"name":"(anonymous_28)","decl":{"start":{"line":493,"column":2},"end":{"line":493,"column":7}},"loc":{"start":{"line":493,"column":24},"end":{"line":512,"column":3}}},"29":{"name":"(anonymous_29)","decl":{"start":{"line":498,"column":43},"end":{"line":498,"column":46}},"loc":{"start":{"line":498,"column":50},"end":{"line":498,"column":60}}},"30":{"name":"(anonymous_30)","decl":{"start":{"line":499,"column":43},"end":{"line":499,"column":46}},"loc":{"start":{"line":499,"column":50},"end":{"line":499,"column":60}}},"31":{"name":"(anonymous_31)","decl":{"start":{"line":503,"column":34},"end":{"line":503,"column":38}},"loc":{"start":{"line":503,"column":42},"end":{"line":503,"column":57}}},"32":{"name":"(anonymous_32)","decl":{"start":{"line":504,"column":37},"end":{"line":504,"column":41}},"loc":{"start":{"line":504,"column":45},"end":{"line":504,"column":59}}},"33":{"name":"(anonymous_33)","decl":{"start":{"line":506,"column":35},"end":{"line":506,"column":39}},"loc":{"start":{"line":506,"column":43},"end":{"line":506,"column":55}}}},"branchMap":{"0":{"loc":{"start":{"line":40,"column":4},"end":{"line":42,"column":5}},"type":"if","locations":[{"start":{"line":40,"column":4},"end":{"line":42,"column":5}}]},"1":{"loc":{"start":{"line":55,"column":6},"end":{"line":57,"column":7}},"type":"if","locations":[{"start":{"line":55,"column":6},"end":{"line":57,"column":7}}]},"2":{"loc":{"start":{"line":58,"column":6},"end":{"line":60,"column":7}},"type":"if","locations":[{"start":{"line":58,"column":6},"end":{"line":60,"column":7}}]},"3":{"loc":{"start":{"line":81,"column":6},"end":{"line":83,"column":7}},"type":"if","locations":[{"start":{"line":81,"column":6},"end":{"line":83,"column":7}}]},"4":{"loc":{"start":{"line":84,"column":6},"end":{"line":86,"column":7}},"type":"if","locations":[{"start":{"line":84,"column":6},"end":{"line":86,"column":7}}]},"5":{"loc":{"start":{"line":84,"column":10},"end":{"line":84,"column":67}},"type":"binary-expr","locations":[{"start":{"line":84,"column":10},"end":{"line":84,"column":40}},{"start":{"line":84,"column":44},"end":{"line":84,"column":67}}]},"6":{"loc":{"start":{"line":87,"column":6},"end":{"line":89,"column":7}},"type":"if","locations":[{"start":{"line":87,"column":6},"end":{"line":89,"column":7}}]},"7":{"loc":{"start":{"line":87,"column":10},"end":{"line":87,"column":58}},"type":"binary-expr","locations":[{"start":{"line":87,"column":10},"end":{"line":87,"column":39}},{"start":{"line":87,"column":43},"end":{"line":87,"column":58}}]},"8":{"loc":{"start":{"line":126,"column":6},"end":{"line":126,"column":64}},"type":"if","locations":[{"start":{"line":126,"column":6},"end":{"line":126,"column":64}}]},"9":{"loc":{"start":{"line":133,"column":21},"end":{"line":133,"column":60}},"type":"cond-expr","locations":[{"start":{"line":133,"column":36},"end":{"line":133,"column":53}},{"start":{"line":133,"column":56},"end":{"line":133,"column":60}}]},"10":{"loc":{"start":{"line":145,"column":4},"end":{"line":147,"column":5}},"type":"if","locations":[{"start":{"line":145,"column":4},"end":{"line":147,"column":5}}]},"11":{"loc":{"start":{"line":164,"column":6},"end":{"line":166,"column":7}},"type":"if","locations":[{"start":{"line":164,"column":6},"end":{"line":166,"column":7}}]},"12":{"loc":{"start":{"line":167,"column":6},"end":{"line":169,"column":7}},"type":"if","locations":[{"start":{"line":167,"column":6},"end":{"line":169,"column":7}}]},"13":{"loc":{"start":{"line":188,"column":4},"end":{"line":190,"column":5}},"type":"if","locations":[{"start":{"line":188,"column":4},"end":{"line":190,"column":5}}]},"14":{"loc":{"start":{"line":199,"column":6},"end":{"line":201,"column":7}},"type":"if","locations":[{"start":{"line":199,"column":6},"end":{"line":201,"column":7}}]},"15":{"loc":{"start":{"line":202,"column":6},"end":{"line":204,"column":7}},"type":"if","locations":[{"start":{"line":202,"column":6},"end":{"line":204,"column":7}}]},"16":{"loc":{"start":{"line":205
[...]
:{"line":250,"column":6},"end":{"line":252,"column":7}},"type":"if","locations":[{"start":{"line":250,"column":6},"end":{"line":252,"column":7}}]},"35":{"loc":{"start":{"line":271,"column":6},"end":{"line":273,"column":7}},"type":"if","locations":[{"start":{"line":271,"column":6},"end":{"line":273,"column":7}}]},"36":{"loc":{"start":{"line":292,"column":6},"end":{"line":294,"column":7}},"type":"if","locations":[{"start":{"line":292,"column":6},"end":{"line":294,"column":7}}]},"37":{"loc":{"start":{"line":318,"column":8},"end":{"line":325,"column":9}},"type":"if","locations":[{"start":{"line":318,"column":8},"end":{"line":325,"column":9}}]},"38":{"loc":{"start":{"line":321,"column":12},"end":{"line":323,"column":74}},"type":"binary-expr","locations":[{"start":{"line":321,"column":12},"end":{"line":321,"column":57}},{"start":{"line":322,"column":13},"end":{"line":322,"column":29}},{"start":{"line":322,"column":33},"end":{"line":322,"column":84}},{"start":{"line":323,"column":12},"end":{"line":323,"column":74}}]},"39":{"loc":{"start":{"line":356,"column":8},"end":{"line":360,"column":9}},"type":"if","locations":[{"start":{"line":356,"column":8},"end":{"line":360,"column":9}},{"start":{"line":358,"column":15},"end":{"line":360,"column":9}}]},"40":{"loc":{"start":{"line":363,"column":8},"end":{"line":370,"column":9}},"type":"if","locations":[{"start":{"line":363,"column":8},"end":{"line":370,"column":9}}]},"41":{"loc":{"start":{"line":363,"column":12},"end":{"line":363,"column":43}},"type":"binary-expr","locations":[{"start":{"line":363,"column":12},"end":{"line":363,"column":24}},{"start":{"line":363,"column":28},"end":{"line":363,"column":43}}]},"42":{"loc":{"start":{"line":365,"column":10},"end":{"line":369,"column":11}},"type":"if","locations":[{"start":{"line":365,"column":10},"end":{"line":369,"column":11}},{"start":{"line":367,"column":17},"end":{"line":369,"column":11}}]},"43":{"loc":{"start":{"line":367,"column":17},"end":{"line":369,"column":11}},"type":"if","locations":[{"start":{"line":367,"column":17},"end":{"line":369,"column":11}}]},"44":{"loc":{"start":{"line":376,"column":8},"end":{"line":378,"column":9}},"type":"if","locations":[{"start":{"line":376,"column":8},"end":{"line":378,"column":9}}]},"45":{"loc":{"start":{"line":464,"column":6},"end":{"line":466,"column":7}},"type":"if","locations":[{"start":{"line":464,"column":6},"end":{"line":466,"column":7}}]}},"s":{"0":0,"1":0,"2":0,"3":0,"4":0,"5":0,"6":0,"7":0,"8":0,"9":0,"10":0,"11":0,"12":0,"13":0,"14":0,"15":0,"16":0,"17":0,"18":0,"19":0,"20":0,"21":0,"22":0,"23":0,"24":0,"25":0,"26":0,"27":0,"28":0,"29":0,"30":0,"31":0,"32":0,"33":0,"34":0,"35":0,"36":0,"37":0,"38":0,"39":0,"40":0,"41":0,"42":0,"43":0,"44":0,"45":0,"46":0,"47":0,"48":0,"49":0,"50":0,"51":0,"52":0,"53":0,"54":0,"55":0,"56":0,"57":0,"58":0,"59":0,"60":0,"61":0,"62":0,"63":0,"64":0,"65":0,"66":0,"67":0,"68":0,"69":0,"70":0,"71":0,"72":0,"73":0,"74":0,"75":0,"76":0,"77":0,"78":0,"79":0,"80":0,"81":0,"82":0,"83":0,"84":0,"85":0,"86":0,"87":0,"88":0,"89":0,"90":0,"91":0,"92":0,"93":0,"94":0,"95":0,"96":0,"97":0,"98":0,"99":0,"100":0,"101":0,"102":0,"103":0,"104":0,"105":0,"106":0,"107":0,"108":0,"109":0,"110":0,"111":0,"112":0,"113":0,"114":0,"115":0,"116":0,"117":0,"118":0,"119":0,"120":0,"121":0,"122":0,"123":0,"124":0,"125":0,"126":0,"127":0,"128":0,"129":0,"130":0,"131":0,"132":0,"133":0,"134":0,"135":0,"136":0,"137":0,"138":0,"139":0,"140":0,"141":0,"142":0,"143":0,"144":0,"145":0,"146":0,"147":0,"148":0,"149":0,"150":0,"151":0,"152":0,"153":0,"154":0,"155":0,"156":0,"157":0,"158":0,"159":0,"160":0,"161":0,"162":0,"163":0,"164":0,"165":0,"166":0,"167":0,"168":0,"169":0,"170":0,"171":0,"172":0,"173":0,"174":0,"175":0,"176":0,"177":0,"178":0,"179":0,"180":0,"181":0,"182":0,"183":0,"184":0,"185":0,"186":0,"187":0,"188":0,"189":0},"f":{"0":0,"1":0,"2":0,"3":0,"4":0,"5":0,"6":0,"7":0,"8":0,"9":0,"10":0,"11":0,"12":0,"13":0,"14":0,"15":0,"16":0,"17":0,"18":0,"19":0,"20":0,"21":0,"22":0,"23":0,"24":0,"25":0,"26":0,"27":0,"28":0,"29":0,"30":0,"31":0,"32":0},"b":{"0":[0,0],"1":[0,0],"2":[0,0],"3":[0,0],"4":[0,0],"5":[0,0],"6":[0,0],"7":[0],"8":[0],"9":[0,0],"10":[0],"11":[0,0],"12":[0],"13":[0,0],"14":[0,0],"15":[0],"16":[0,0],"17":[0],"18":[0,0],"19":[0],"20":[0,0],"21":[0],"22":[0,0],"23":[0],"24":[0],"25":[0],"26":[0],"27":[0],"28":[0,0],"29":[0],"30":[0],"31":[0,0,0,0],"32":[0],"33":[0],"34":[0],"35":[0],"36":[0],"37":[0],"38":[0,0,0,0],"39":[0,0],"40":[0],"41":[0,0],"42":[0,0],"43":[0],"44":[0],"45":[0]}}
,"/Users/gonzaloriederer/FAMAPP/packages/shared/src/services/userWhitelistService.ts": {"path":"/Users/gonzaloriederer/FAMAPP/packages/shared/src/services/userWhitelistService.ts","statementMap":{"0":{"start":{"line":2,"column":0},"end":{"line":2,"column":57}},"1":{"start":{"line":3,"column":0},"end":{"line":3,"column":49}},"2":{"start":{"line":22,"column":19},"end":{"line":22,"column":57}},"3":{"start":{"line":23,"column":19},"end":{"line":23,"column":48}},"4":{"start":{"line":26,"column":4},"end":{"line":26,"column":36}},"5":{"start":{"line":33,"column":25},"end":{"line":33,"column":84}},"6":{"start":{"line":34,"column":26},"end":{"line":34,"column":52}},"7":{"start":{"line":36,"column":4},"end":{"line":75,"column":5}},"8":{"start":{"line":37,"column":45},"end":{"line":71,"column":8}},"9":{"start":{"line":73,"column":6},"end":{"line":73,"column":48}},"10":{"start":{"line":74,"column":6},"end":{"line":74,"column":71}},"11":{"start":{"line":82,"column":4},"end":{"line":103,"column":5}},"12":{"start":{"line":83,"column":27},"end":{"line":83,"column":86}},"13":{"start":{"line":84,"column":28},"end":{"line":84,"column":54}},"14":{"start":{"line":86,"column":6},"end":{"line":97,"column":7}},"15":{"start":{"line":87,"column":21},"end":{"line":87,"column":41}},"16":{"start":{"line":89,"column":8},"end":{"line":96,"column":29}},"17":{"start":{"line":92,"column":111},"end":{"line":95,"column":12}},"18":{"start":{"line":99,"column":6},"end":{"line":99,"column":18}},"19":{"start":{"line":101,"column":6},"end":{"line":101,"column":56}},"20":{"start":{"line":102,"column":6},"end":{"line":102,"column":18}},"21":{"start":{"line":110,"column":4},"end":{"line":124,"column":5}},"22":{"start":{"line":111,"column":24},"end":{"line":111,"column":49}},"23":{"start":{"line":112,"column":6},"end":{"line":116,"column":7}},"24":{"start":{"line":114,"column":8},"end":{"line":114,"column":41}},"25":{"start":{"line":115,"column":8},"end":{"line":115,"column":45}},"26":{"start":{"line":118,"column":6},"end":{"line":120,"column":8}},"27":{"start":{"line":119,"column":16},"end":{"line":119,"column":81}},"28":{"start":{"line":122,"column":6},"end":{"line":122,"column":66}},"29":{"start":{"line":123,"column":6},"end":{"line":123,"column":19}},"30":{"start":{"line":131,"column":4},"end":{"line":143,"column":5}},"31":{"start":{"line":132,"column":24},"end":{"line":132,"column":49}},"32":{"start":{"line":133,"column":6},"end":{"line":133,"column":34}},"33":{"start":{"line":133,"column":22},"end":{"line":133,"column":34}},"34":{"start":{"line":135,"column":19},"end":{"line":136,"column":null}},"35":{"start":{"line":136,"column":16},"end":{"line":136,"column":81}},"36":{"start":{"line":139,"column":6},"end":{"line":139,"column":40}},"37":{"start":{"line":141,"column":6},"end":{"line":141,"column":70}},"38":{"start":{"line":142,"column":6},"end":{"line":142,"column":18}},"39":{"start":{"line":154,"column":4},"end":{"line":196,"column":5}},"40":{"start":{"line":155,"column":24},"end":{"line":155,"column":49}},"41":{"start":{"line":156,"column":6},"end":{"line":159,"column":7}},"42":{"start":{"line":157,"column":8},"end":{"line":157,"column":41}},"43":{"start":{"line":158,"column":8},"end":{"line":158,"column":68}},"44":{"start":{"line":162,"column":27},"end":{"line":163,"column":null}},"45":{"start":{"line":163,"column":16},"end":{"line":163,"column":64}},"46":{"start":{"line":166,"column":6},"end":{"line":184,"column":7}},"47":{"start":{"line":168,"column":8},"end":{"line":174,"column":9}},"48":{"start":{"line":169,"column":10},"end":{"line":169,"column":39}},"49":{"start":{"line":170,"column":10},"end":{"line":170,"column":44}},"50":{"start":{"line":171,"column":10},"end":{"line":171,"column":41}},"51":{"start":{"line":173,"column":10},"end":{"line":173,"column":23}},"52":{"start":{"line":177,"column":8},"end":{"line":183,"column":11}},"53":{"start":{"line":186,"column":6},"end":{"line":186,"column":39}},"54":{"start":{"line":187,"column":6},"end":{"line":187,"column":36}},"55":{"start":{"line":189,"column":27},"end":{"line":189,"column":86}},"56":{"start":{"line":190,"column":6},"end":{"line":190,"column":44}},"57":{"start":{"line":192,"column":6},"end":{"line":192,"column":18}},"58":{"start":{"line":194,"column":6},"end":{"line":194,"column":60}},"59":{"start":{"line":195,"column":6},"end":{"line":195,"column":19}},"60":{"start":{"line":203,"column":4},"end":{"line":226,"column":5}},"61":{"start":{"line":204,"column":24},"end":{"line":204,"column":49}},"62":{"start":{"line":205,"column":6},"end":{"line":205,"column":35}},"63":{"start":{"line":205,"column":22},"end":{"line":205,"column":35}},"64":{"start":{"line":207,"column":19},"end":{"line":208,"column":null}},"65":{"start":{"line":208,"column":16},"end":{"line":208,"column":64}},"66":{"start":{"line":211,"column":6},"end":{"line":220,"column":7}},"67":{"start":{"line":212,"column":8},"end":{"line":212,"column":30}},"68":{"start":{"line":213,"column":8},"end":{"line":213,"column":41}},"69":{"start":{"line":214,"column":8},"end":{"line":214,"column":44}},"70":{"start":{"line":216,"column":29},"end":{"line":216,"column":88}},"71":{"start":{"line":217,"column":8},"end":{"line":217,"column":46}},"72":{"start":{"line":219,"column":8},"end":{"line":219,"column":20}},"73":{"start":{"line":222,"column":6},"end":{"line":222,"column":19}},"74":{"start":{"line":224,"column":6},"end":{"line":224,"column":55}},"75":{"start":{"line":225,"column":6},"end":{"line":225,"column":19}},"76":{"start":{"line":233,"column":4},"end":{"line":239,"column":5}},"77":{"start":{"line":234,"column":24},"end":{"line":234,"column":49}},"78":{"start":{"line":235,"column":6},"end":{"line":235,"column":46}},"79":{"start":{"line":237,"column":6},"end":{"line":237,"column":66}},"80":{"start":{"line":238,"column":6},"end":{"line":238,"column":16}},"81":{"start":{"line":250,"column":4},"end":{"line":273,"column":5}},"82":{"start":{"line":251,"column":24},"end":{"line":251,"column":49}},"83":{"start":{"line":252,"column":6},"end":{"line":252,"column":35}},"84":{"start":{"line":252,"column":22},"end":{"line":252,"column":35}},"85":{"start":{"line":254,"column":19},"end":{"line":255,"column":null}},"86":{"start":{"line":255,"column":16},"end":{"line":255,"column":64}},"87":{"start":{"line":258,"column":6},"end":{"line":267,"column":7}},"88":{"start":{"line":259,"column":8},"end":{"line":259,"column":44}},"89":{"start":{"line":260,"column":8},"end":{"line":260,"column":41}},"90":{"start":{"line":261,"column":8},"end":{"line":261,"column":40}},"91":{"start":{"line":263,"column":29},"end":{"line":263,"column":88}},"92":{"start":{"line":264,"column":8},"end":{"line":264,"column":46}},"93":{"start":{"line":266,"column":8},"end":{"line":266,"column":20}},"94":{"start":{"line":269,"column":6},"end":{"line":269,"column":19}},"95":{"start":{"line":271,"column":6},"end":{"line":271,"column":65}},"96":{"start":{"line":272,"column":6},"end":{"line":272,"column":19}},"97":{"start":{"line":277,"column":13},"end":{"line":277,"column":63}}},"fnMap":{"0":{"name":"(anonymous_0)","decl":{"start":{"line":21,"column":0},"end":{"line":21,"column":6}},"loc":{"start":{"line":21,"column":0},"end":{"line":275,"column":1}}},"1":{"name":"(anonymous_1)","decl":{"start":{"line":25,"column":2},"end":{"line":25,"column":14}},"loc":{"start":{"line":25,"column":16},"end":{"line":27,"column":3}}},"2":{"name":"(anonymous_2)","decl":{"start":{"line":32,"column":2},"end":{"line":32,"column":7}},"loc":{"start":{"line":32,"column":27},"end":{"line":76,"column":3}}},"3":{"name":"(anonymous_3)","decl":{"start":{"line":81,"column":2},"end":{"line":81,"column":7}},"loc":{"start":{"line":81,"column":20},"end":{"line":104,"column":3}}},"4":{"name":"(anonymous_4)","decl":{"start":{"line":92,"column":53},"end":{"line":92,"column":54}},"loc":{"start":{"line":92,"column":111},"end":{"line":95,"column":12}}},"5":{"name":"(anonymous_5)","decl":{"start":{"line":109,"column":2},"end":{"line":109,"column":7}},"loc":{"start":{"line":109,"column":39},"end":{"line":125,"column":3}}},"6":{"name":"(anonymous_6)","decl":{"start":{"line":119,"column":8},"end":{"line":119,"column":12}},"loc":{"start":{"line":119,"column":16},"end":{"line":119,"column":81}}},"7":{"name":"(anonymous_7)","decl":{"start":{"line":130,"column":2},"end":{"line":130,"column":7}},"loc":{"start":{"line":130,"column":46},"end":{"line":144,"column":3}}},"8":{"name":"(anonymous_8)","decl":{"start":{"line":136,"column":8},"end":{"line":136,"column":12}},"loc":{"start":{"line":136,"column":16},"end":{"line":136,"column":81}}},"9":{"name":"(anonymous_9)","decl":{"start":{"line":149,"column":2},"end":{"line":149,"column":7}},"loc":{"start":{"line":152,"column":19},"end":{"line":197,"column":3}}},"10":{"name":"(anonymous_10)","decl":{"start":{"line":163,"column":8},"end":{"line":163,"column":12}},"loc":{"start":{"line":163,"column":16},"end":{"line":163,"column":64}}},"11":{"name":"(anonymous_11)","decl":{"start":{"line":202,"column":2},"end":{"line":202,"column":7}},"loc":{"start":{"line":202,"column":59},"end":{"line":227,"column":3}}},"12":{"name":"(anonymous_12)","decl":{"start":{"line":208,"column":8},"end":{"line":208,"column":12}},"loc":{"start":{"line":208,"column":16},"end":{"line":208,"column":64}}},"13":{"name":"(anonymous_13)","decl":{"start":{"line":232,"column":2},"end":{"line":232,"column":7}},"loc":{"start":{"line":232,"column":29},"end":{"line":240,"column":3}}},"14":{"name":"(anonymous_14)","decl":{"start":{"line":245,"column":2},"end":{"line":245,"column":7}},"loc":{"start":{"line":248,"column":21},"end":{"line":274,"column":3}}},"15":{"name":"(anonymous_15)","decl":{"start":{"line":255,"column":8},"end":{"line":255,"column":12}},"loc":{"start":{"line":255,"column":16},"end":{"line":255,"column":64}}}},"branchMap":{"0":{"loc":{"start":{"line":36,"column":4},"end":{"line":75,"column":5}},"type":"if","locations":[{"start":{"line":36,"column":4},"end":{"line":75,"column":5}}]},"1":{"loc":{"start":{"line":86,"column":6},"end":{"line":97,"column":7}},"type":"if","locations":[{"start":{"line":86,"column":6},"end":{"line":97,"column":7}}]},"2":{"loc":{"start":{"line":91,"column":21},"end":{"line":91,"column":59}},"type":"binary-expr","locations":[{"start":{"line":91,"column":21},"end":{"line":91,"column":45}},{"start":{"line":91,"column":49},"end":{"line":91,"column":59}}]},"3":{"loc":{"start":{"line":92,"column":27},"end":{"line":95,"column":19}},"type":"binary-expr","locations":[{"start":{"line":92,"column":27},"end":{"line":95,"column":13}},{"start":{"line":95,"column":17},"end":{"line":95,"column":19}}]},"4":{"loc":{"start":{"line":94,"column":21},"end":{"line":94,"column":57}},"type":"binary-expr","locations":[{"start":{"line":94,"column":21},"end":{"line":94,"column":43}},{"start":{"line":94,"column":47},"end":{"line":94,"column":57}}]},"5":{"loc":{"start":{"line":112,"column":6},"end":{"line":116,"column":7}},"type":"if","locations":[{"start":{"line":112,"column":6},"end":{"line":116,"column":7}}]},"6":{"loc":{"start":{"line":119,"column":16},"end":{"line":119,"column":81}},"type":"binary-expr","locations":[{"start":{"line":119,"column":16},"end":{"line":119,"column":64}},{"start":{"line":119,"column":68},"end":{"line":119,"column":81}}]},"7":{"loc":{"start":{"line":133,"column":6},"end":{"line":133,"column":34}},"type":"if","locations":[{"start":{"line":133,"column":6},"end":{"line":133,"column":34}}]},"8":{"loc":{"start":{"line":136,"column":16},"end":{"line":136,"column":81}},"type":"binary-expr","locations":[{"start":{"line":136,"column":16},"end":{"line":136,"column":64}},{"start":{"line":136,"column":68},"end":{"line":136,"column":81}}]},"9":{"loc":{"start":{"line":139,"column":13},"end":{"line":139,"column":39}},"type":"binary-expr","locations":[{"start":{"line":139,"column":13},"end":{"line":139,"column":31}},{"start":{"line":139,"column":35},"end":{"line":139,"column":39}}]},"10":{"loc":{"start":{"line":156,"column":6},"end":{"line":159,"column":7}},"type":"if","locations":[{"start":{"line":156,"column":6},"end":{"line":159,"column":7}}]},"11":{"loc":{"start":{"line":166,"column":6},"end":{"line":184,"column":7}},"type":"if","locations":[{"start":{"line":166,"column":6},"end":{"line":184,"column":7}},{"start":{"line":175,"column":13},"end":{"line":184,"column":7}}]},"12":{"loc":{"start":{"line":168,"column":8},"end":{"line":174,"column":9}},"type":"if","locations":[{"start":{"line":168,"column":8},"end":{"line":174,"column":9}},{"start":{"line":172,"column":15},"end":{"line":174,"column":9}}]},"13":{"loc":{"start":{"line":205,"column":6},"end":{"line":205,"column":35}},"type":"if","locations":[{"start":{"line":205,"column":6},"end":{"line":205,"column":35}}]},"14":{"loc":{"start":{"line":211,"column":6},"end":{"line":220,"column":7}},"type":"if","locations":[{"start":{"line":211,"column":6},"end":{"line":220,"column":7}}]},"15":{"loc":{"start":{"line":211,"column":10},"end":{"line":211,"column":31}},"type":"binary-expr","locations":[{"start":{"line":211,"column":10},"end":{"line":211,"column":14}},{"start":{"line":211,"column":18},"end":{"line":211,"column":31}}]},"16":{"loc":{"start":{"line":235,"column":13},"end":{"line":235,"column":45}},"type":"binary-expr","locations":[{"start":{"line":235,"column":13},"end":{"line":235,"column":39}},{"start":{"line":235,"column":43},"end":{"line":235,"column":45}}]},"17":{"loc":{"start":{"line":252,"column":6},"end":{"line":252,"column":35}},"type":"if","locations":[{"start":{"line":252,"column":6},"end":{"line":252,"column":35}}]},"18":{"loc":{"start":{"line":258,"column":6},"end":{"line":267,"column":7}},"type":"if","locations":[{"start":{"line":258,"column":6},"end":{"line":267,"column":7}}]}},"s":{"0":0,"1":0,"2":0,"3":0,"4":0,"5":0,"6":0,"7":0,"8":0,"9":0,"10":0,"11":0,"12":0,"13":0,"14":0,"15":0,"16":0,"17":0,"18":0,"19":0,"20":0,"21":0,"22":0,"23":0,"24":0,"25":0,"26":0,"27":0,"28":0,"29":0,"30":0,"31":0,"32":0,"33":0,"34":0,"35":0,"36":0,"37":0,"38":0,"39":0,"40":0,"41":0,"42":0,"43":0,"44":0,"45":0,"46":0,"47":0,"48":0,"49":0,"50":0,"51":0,"52":0,"53":0,"54":0,"55":0,"56":0,"57":0,"58":0,"59":0,"60":0,"61":0,"62":0,"63":0,"64":0,"65":0,"66":0,"67":0,"68":0,"69":0,"70":0,"71":0,"72":0,"73":0,"74":0,"75":0,"76":0,"77":0,"78":0,"79":0,"80":0,"81":0,"82":0,"83":0,"84":0,"85":0,"86":0,"87":0,"88":0,"89":0,"90":0,"91":0,"92":0,"93":0,"94":0,"95":0,"96":0,"97":0},"f":{"0":0,"1":0,"2":0,"3":0,"4":0,"5":0,"6":0,"7":0,"8":0,"9":0,"10":0,"11":0,"12":0,"13":0,"14":0,"15":0},"b":{"0":[0],"1":[0],"2":[0,0],"3":[0,0],"4":[0,0],"5":[0],"6":[0,0],"7":[0],"8":[0,0],"9":[0,0],"10":[0],"11":[0,0],"12":[0,0],"13":[0],"14":[0],"15":[0,0],"16":[0,0],"17":[0],"18":[0]}}
,"/Users/gonzaloriederer/FAMAPP/packages/shared/src/types/document.ts": {"path":"/Users/gonzaloriederer/FAMAPP/packages/shared/src/types/document.ts","statementMap":{"0":{"start":{"line":40,"column":13},"end":{"line":51,"column":11}},"1":{"start":{"line":53,"column":13},"end":{"line":53,"column":46}},"2":{"start":{"line":55,"column":13},"end":{"line":66,"column":11}}},"fnMap":{},"branchMap":{},"s":{"0":0,"1":0,"2":0},"f":{},"b":{}}
,"/Users/gonzaloriederer/FAMAPP/packages/shared/src/types/grocery.ts": {"path":"/Users/gonzaloriederer/FAMAPP/packages/shared/src/types/grocery.ts","statementMap":{"0":{"start":{"line":67,"column":13},"end":{"line":79,"column":11}},"1":{"start":{"line":81,"column":13},"end":{"line":83,"column":11}}},"fnMap":{},"branchMap":{},"s":{"0":0,"1":0},"f":{},"b":{}}
}
