TN:
SF:src/services/aiService.ts
FN:32,(anonymous_1)
FN:47,(anonymous_2)
FN:68,(anonymous_3)
FN:116,(anonymous_4)
FN:128,(anonymous_5)
FN:140,(anonymous_6)
FN:152,(anonymous_7)
FN:163,(anonymous_8)
FN:184,(anonymous_9)
FN:200,(anonymous_10)
FN:218,(anonymous_11)
FN:281,(anonymous_12)
FN:296,(anonymous_13)
FN:303,createAIService
FN:310,setAIService
FN:314,getAIService
FNF:16
FNH:16
FNDA:24,(anonymous_1)
FNDA:36,(anonymous_2)
FNDA:31,(anonymous_3)
FNDA:1,(anonymous_4)
FNDA:1,(anonymous_5)
FNDA:1,(anonymous_6)
FNDA:31,(anonymous_7)
FNDA:1,(anonymous_8)
FNDA:1,(anonymous_9)
FNDA:1,(anonymous_10)
FNDA:17,(anonymous_11)
FNDA:8,(anonymous_12)
FNDA:3,(anonymous_13)
FNDA:2,createAIService
FNDA:2,setAIService
FNDA:3,getAIService
DA:1,1
DA:31,1
DA:34,24
DA:35,24
DA:37,24
DA:38,24
DA:43,1
DA:48,36
DA:49,2
DA:55,34
DA:62,34
DA:69,31
DA:70,31
DA:72,31
DA:85,15
DA:86,15
DA:87,1
DA:93,14
DA:94,14
DA:97,14
DA:98,1
DA:101,14
DA:111,17
DA:117,1
DA:119,1
DA:129,1
DA:131,1
DA:141,1
DA:143,1
DA:153,31
DA:155,31
DA:156,4
DA:159,31
DA:164,1
DA:185,1
DA:201,1
DA:219,17
DA:222,17
DA:223,2
DA:230,15
DA:231,2
DA:238,13
DA:239,2
DA:246,11
DA:247,2
DA:255,9
DA:256,2
DA:264,7
DA:265,2
DA:273,5
DA:282,8
DA:283,8
DA:288,7
DA:290,1
DA:291,1
DA:297,3
DA:298,3
DA:303,1
DA:304,2
DA:308,1
DA:310,1
DA:311,2
DA:314,1
DA:315,3
DA:316,2
DA:321,1
LF:66
LH:66
BRDA:48,0,0,2
BRDA:74,1,0,31
BRDA:74,1,1,19
BRDA:75,2,0,31
BRDA:75,2,1,27
BRDA:86,3,0,1
BRDA:97,4,0,1
BRDA:155,5,0,4
BRDA:222,6,0,2
BRDA:230,7,0,2
BRDA:238,8,0,2
BRDA:246,9,0,2
BRDA:255,10,0,2
BRDA:255,11,0,9
BRDA:255,11,1,7
BRDA:264,12,0,2
BRDA:315,13,0,2
BRF:17
BRH:17
end_of_record
TN:
SF:src/services/authService.ts
FN:14,(anonymous_0)
FN:18,(anonymous_1)
FN:22,(anonymous_2)
FN:29,(anonymous_3)
FN:58,(anonymous_4)
FN:70,(anonymous_5)
FN:78,(anonymous_6)
FN:85,(anonymous_7)
FN:129,(anonymous_8)
FN:130,(anonymous_9)
FN:148,(anonymous_10)
FNF:11
FNH:0
FNDA:0,(anonymous_0)
FNDA:0,(anonymous_1)
FNDA:0,(anonymous_2)
FNDA:0,(anonymous_3)
FNDA:0,(anonymous_4)
FNDA:0,(anonymous_5)
FNDA:0,(anonymous_6)
FNDA:0,(anonymous_7)
FNDA:0,(anonymous_8)
FNDA:0,(anonymous_9)
FNDA:0,(anonymous_10)
DA:2,0
DA:8,0
DA:9,0
DA:10,0
DA:15,0
DA:19,0
DA:23,0
DA:30,0
DA:31,0
DA:32,0
DA:35,0
DA:36,0
DA:39,0
DA:40,0
DA:41,0
DA:42,0
DA:46,0
DA:47,0
DA:49,0
DA:50,0
DA:51,0
DA:59,0
DA:60,0
DA:62,0
DA:63,0
DA:71,0
DA:72,0
DA:79,0
DA:86,0
DA:88,0
DA:89,0
DA:92,0
DA:93,0
DA:95,0
DA:97,0
DA:99,0
DA:105,0
DA:111,0
DA:121,0
DA:122,0
DA:130,0
DA:131,0
DA:132,0
DA:133,0
DA:134,0
DA:136,0
DA:137,0
DA:140,0
DA:149,0
DA:153,0
LF:50
LH:0
BRDA:31,0,0,0
BRDA:40,1,0,0
BRDA:50,2,0,0
BRDA:50,2,1,0
BRDA:71,3,0,0
BRDA:88,4,0,0
BRDA:97,5,0,0
BRDA:97,5,1,0
BRDA:114,6,0,0
BRDA:114,6,1,0
BRDA:115,7,0,0
BRDA:115,7,1,0
BRDA:131,8,0,0
BRDA:131,8,1,0
BRDA:131,9,0,0
BRDA:131,9,1,0
BRF:16
BRH:0
end_of_record
TN:
SF:src/services/autoArchiveService.ts
FN:4,(anonymous_0)
FN:13,(anonymous_1)
FN:26,(anonymous_2)
FN:34,(anonymous_3)
FN:46,(anonymous_4)
FN:64,(anonymous_5)
FNF:6
FNH:0
FNDA:0,(anonymous_0)
FNDA:0,(anonymous_1)
FNDA:0,(anonymous_2)
FNDA:0,(anonymous_3)
FNDA:0,(anonymous_4)
FNDA:0,(anonymous_5)
DA:2,0
DA:5,0
DA:6,0
DA:7,0
DA:14,0
DA:15,0
DA:16,0
DA:19,0
DA:20,0
DA:23,0
DA:26,0
DA:27,0
DA:35,0
DA:36,0
DA:37,0
DA:39,0
DA:40,0
DA:47,0
DA:48,0
DA:49,0
DA:51,0
DA:52,0
DA:54,0
DA:57,0
DA:65,0
DA:72,0
LF:26
LH:0
BRDA:14,0,0,0
BRDA:35,1,0,0
BRDA:51,2,0,0
BRDA:51,2,1,0
BRF:4
BRH:0
end_of_record
TN:
SF:src/services/documentService.ts
FN:36,(anonymous_0)
FN:40,(anonymous_1)
FN:44,(anonymous_2)
FN:49,(anonymous_3)
FN:60,(anonymous_4)
FN:65,(anonymous_5)
FN:67,(anonymous_6)
FN:69,(anonymous_7)
FN:94,(anonymous_8)
FN:116,(anonymous_9)
FN:143,(anonymous_10)
FN:189,(anonymous_11)
FN:209,(anonymous_12)
FN:242,(anonymous_13)
FN:246,(anonymous_14)
FN:254,(anonymous_15)
FN:276,(anonymous_16)
FN:283,(anonymous_17)
FN:292,(anonymous_18)
FN:305,(anonymous_19)
FN:315,(anonymous_20)
FN:324,(anonymous_21)
FN:328,(anonymous_22)
FNF:23
FNH:0
FNDA:0,(anonymous_0)
FNDA:0,(anonymous_1)
FNDA:0,(anonymous_2)
FNDA:0,(anonymous_3)
FNDA:0,(anonymous_4)
FNDA:0,(anonymous_5)
FNDA:0,(anonymous_6)
FNDA:0,(anonymous_7)
FNDA:0,(anonymous_8)
FNDA:0,(anonymous_9)
FNDA:0,(anonymous_10)
FNDA:0,(anonymous_11)
FNDA:0,(anonymous_12)
FNDA:0,(anonymous_13)
FNDA:0,(anonymous_14)
FNDA:0,(anonymous_15)
FNDA:0,(anonymous_16)
FNDA:0,(anonymous_17)
FNDA:0,(anonymous_18)
FNDA:0,(anonymous_19)
FNDA:0,(anonymous_20)
FNDA:0,(anonymous_21)
FNDA:0,(anonymous_22)
DA:2,0
DA:15,0
DA:21,0
DA:22,0
DA:29,0
DA:37,0
DA:38,0
DA:41,0
DA:45,0
DA:50,0
DA:51,0
DA:54,0
DA:55,0
DA:61,0
DA:62,0
DA:65,0
DA:66,0
DA:67,0
DA:68,0
DA:69,0
DA:70,0
DA:71,0
DA:74,0
DA:75,0
DA:77,0
DA:78,0
DA:79,0
DA:80,0
DA:82,0
DA:83,0
DA:87,0
DA:88,0
DA:91,0
DA:93,0
DA:95,0
DA:96,0
DA:100,0
DA:102,0
DA:109,0
DA:111,0
DA:117,0
DA:118,0
DA:121,0
DA:124,0
DA:125,0
DA:126,0
DA:129,0
DA:130,0
DA:131,0
DA:135,0
DA:136,0
DA:139,0
DA:144,0
DA:145,0
DA:146,0
DA:149,0
DA:151,0
DA:154,0
DA:170,0
DA:173,0
DA:176,0
DA:181,0
DA:183,0
DA:184,0
DA:190,0
DA:191,0
DA:195,0
DA:196,0
DA:197,0
DA:198,0
DA:199,0
DA:201,0
DA:203,0
DA:204,0
DA:210,0
DA:212,0
DA:216,0
DA:218,0
DA:219,0
DA:222,0
DA:223,0
DA:224,0
DA:225,0
DA:227,0
DA:234,0
DA:236,0
DA:237,0
DA:243,0
DA:244,0
DA:245,0
DA:246,0
DA:249,0
DA:254,0
DA:255,0
DA:257,0
DA:258,0
DA:261,0
DA:265,0
DA:266,0
DA:275,0
DA:277,0
DA:278,0
DA:284,0
DA:285,0
DA:291,0
DA:292,0
DA:299,0
DA:300,0
DA:306,0
DA:309,0
DA:314,0
DA:315,0
DA:323,0
DA:324,0
DA:325,0
DA:328,0
DA:331,0
DA:332,0
DA:337,0
LF:119
LH:0
BRDA:50,0,0,0
BRDA:54,1,0,0
BRDA:61,2,0,0
BRDA:77,3,0,0
BRDA:77,4,0,0
BRDA:77,4,1,0
BRDA:78,5,0,0
BRDA:78,5,1,0
BRDA:95,6,0,0
BRDA:95,6,1,0
BRDA:100,7,0,0
BRDA:100,7,1,0
BRDA:118,8,0,0
BRDA:135,9,0,0
BRDA:145,10,0,0
BRDA:158,11,0,0
BRDA:158,11,1,0
BRDA:163,12,0,0
BRDA:163,12,1,0
BRDA:178,13,0,0
BRDA:178,13,1,0
BRDA:195,14,0,0
BRDA:196,15,0,0
BRDA:197,16,0,0
BRDA:198,17,0,0
BRDA:199,18,0,0
BRDA:218,19,0,0
BRDA:222,20,0,0
BRDA:244,21,0,0
BRDA:261,22,0,0
BRDA:261,22,1,0
BRDA:261,22,2,0
BRDA:265,23,0,0
BRDA:269,24,0,0
BRDA:269,24,1,0
BRDA:270,25,0,0
BRDA:270,25,1,0
BRDA:295,26,0,0
BRDA:295,26,1,0
BRDA:296,27,0,0
BRDA:296,27,1,0
BRDA:318,28,0,0
BRDA:318,28,1,0
BRDA:319,29,0,0
BRDA:319,29,1,0
BRDA:325,30,0,0
BRDA:325,30,1,0
BRDA:325,30,2,0
BRDA:325,30,3,0
BRF:49
BRH:0
end_of_record
TN:
SF:src/services/eventService.ts
FN:27,(anonymous_0)
FN:30,(anonymous_1)
FN:35,(anonymous_2)
FN:69,(anonymous_3)
FN:108,(anonymous_4)
FN:118,(anonymous_5)
FN:128,(anonymous_6)
FN:143,(anonymous_7)
FN:155,(anonymous_8)
FN:156,(anonymous_9)
FN:166,(anonymous_10)
FN:172,(anonymous_11)
FN:182,(anonymous_12)
FNF:13
FNH:0
FNDA:0,(anonymous_0)
FNDA:0,(anonymous_1)
FNDA:0,(anonymous_2)
FNDA:0,(anonymous_3)
FNDA:0,(anonymous_4)
FNDA:0,(anonymous_5)
FNDA:0,(anonymous_6)
FNDA:0,(anonymous_7)
FNDA:0,(anonymous_8)
FNDA:0,(anonymous_9)
FNDA:0,(anonymous_10)
FNDA:0,(anonymous_11)
FNDA:0,(anonymous_12)
DA:2,0
DA:16,0
DA:17,0
DA:28,0
DA:31,0
DA:36,0
DA:37,0
DA:38,0
DA:41,0
DA:42,0
DA:56,0
DA:57,0
DA:60,0
DA:61,0
DA:63,0
DA:64,0
DA:70,0
DA:71,0
DA:72,0
DA:77,0
DA:78,0
DA:79,0
DA:80,0
DA:81,0
DA:83,0
DA:84,0
DA:86,0
DA:87,0
DA:91,0
DA:92,0
DA:93,0
DA:96,0
DA:100,0
DA:102,0
DA:103,0
DA:109,0
DA:110,0
DA:112,0
DA:113,0
DA:119,0
DA:120,0
DA:127,0
DA:128,0
DA:137,0
DA:138,0
DA:148,0
DA:155,0
DA:156,0
DA:165,0
DA:167,0
DA:173,0
DA:174,0
DA:175,0
DA:181,0
DA:182,0
DA:191,0
DA:193,0
DA:194,0
DA:199,0
LF:59
LH:0
BRDA:37,0,0,0
BRDA:44,1,0,0
BRDA:44,1,1,0
BRDA:47,2,0,0
BRDA:47,2,1,0
BRDA:48,3,0,0
BRDA:48,3,1,0
BRDA:49,4,0,0
BRDA:49,4,1,0
BRDA:56,5,0,0
BRDA:77,6,0,0
BRDA:78,7,0,0
BRDA:78,8,0,0
BRDA:78,8,1,0
BRDA:79,9,0,0
BRDA:80,10,0,0
BRDA:81,11,0,0
BRDA:83,12,0,0
BRDA:86,13,0,0
BRDA:91,14,0,0
BRDA:92,15,0,0
BRDA:92,15,1,0
BRDA:133,16,0,0
BRDA:133,16,1,0
BRDA:134,17,0,0
BRDA:134,17,1,0
BRDA:161,18,0,0
BRDA:161,18,1,0
BRDA:162,19,0,0
BRDA:162,19,1,0
BRDA:172,20,0,0
BRDA:187,21,0,0
BRDA:187,21,1,0
BRDA:188,22,0,0
BRDA:188,22,1,0
BRF:35
BRH:0
end_of_record
TN:
SF:src/services/firebase.ts
FN:34,setFirebaseServices
FN:38,getFirebaseServices
FNF:2
FNH:2
FNDA:2,setFirebaseServices
FNDA:2,getFirebaseServices
DA:32,1
DA:34,1
DA:35,2
DA:38,1
DA:39,2
DA:40,1
DA:42,1
LF:7
LH:7
BRDA:39,0,0,1
BRF:1
BRH:1
end_of_record
TN:
SF:src/services/groceryService.ts
FN:29,(anonymous_0)
FN:33,(anonymous_1)
FN:38,(anonymous_2)
FN:71,(anonymous_3)
FN:99,(anonymous_4)
FN:108,(anonymous_5)
FN:120,(anonymous_6)
FN:143,(anonymous_7)
FN:186,(anonymous_8)
FN:237,(anonymous_9)
FN:247,(anonymous_10)
FN:277,(anonymous_11)
FN:283,(anonymous_12)
FN:299,(anonymous_13)
FN:326,(anonymous_14)
FN:335,(anonymous_15)
FN:379,(anonymous_16)
FN:394,(anonymous_17)
FN:403,(anonymous_18)
FN:427,(anonymous_19)
FN:443,(anonymous_20)
FN:450,(anonymous_21)
FN:451,(anonymous_22)
FN:460,(anonymous_23)
FN:469,(anonymous_24)
FN:470,(anonymous_25)
FN:479,(anonymous_26)
FN:481,(anonymous_27)
FN:493,(anonymous_28)
FN:498,(anonymous_29)
FN:499,(anonymous_30)
FN:503,(anonymous_31)
FN:504,(anonymous_32)
FN:506,(anonymous_33)
FNF:34
FNH:0
FNDA:0,(anonymous_0)
FNDA:0,(anonymous_1)
FNDA:0,(anonymous_2)
FNDA:0,(anonymous_3)
FNDA:0,(anonymous_4)
FNDA:0,(anonymous_5)
FNDA:0,(anonymous_6)
FNDA:0,(anonymous_7)
FNDA:0,(anonymous_8)
FNDA:0,(anonymous_9)
FNDA:0,(anonymous_10)
FNDA:0,(anonymous_11)
FNDA:0,(anonymous_12)
FNDA:0,(anonymous_13)
FNDA:0,(anonymous_14)
FNDA:0,(anonymous_15)
FNDA:0,(anonymous_16)
FNDA:0,(anonymous_17)
FNDA:0,(anonymous_18)
FNDA:0,(anonymous_19)
FNDA:0,(anonymous_20)
FNDA:0,(anonymous_21)
FNDA:0,(anonymous_22)
FNDA:0,(anonymous_23)
FNDA:0,(anonymous_24)
FNDA:0,(anonymous_25)
FNDA:0,(anonymous_26)
FNDA:0,(anonymous_27)
FNDA:0,(anonymous_28)
FNDA:0,(anonymous_29)
FNDA:0,(anonymous_30)
FNDA:0,(anonymous_31)
FNDA:0,(anonymous_32)
FNDA:0,(anonymous_33)
DA:2,0
DA:15,0
DA:16,0
DA:30,0
DA:31,0
DA:34,0
DA:39,0
DA:40,0
DA:41,0
DA:44,0
DA:46,0
DA:55,0
DA:56,0
DA:58,0
DA:59,0
DA:62,0
DA:63,0
DA:65,0
DA:66,0
DA:72,0
DA:73,0
DA:76,0
DA:81,0
DA:82,0
DA:84,0
DA:85,0
DA:87,0
DA:88,0
DA:91,0
DA:93,0
DA:94,0
DA:100,0
DA:102,0
DA:106,0
DA:108,0
DA:109,0
DA:112,0
DA:114,0
DA:115,0
DA:121,0
DA:122,0
DA:125,0
DA:126,0
DA:128,0
DA:129,0
DA:131,0
DA:137,0
DA:138,0
DA:144,0
DA:145,0
DA:146,0
DA:149,0
DA:151,0
DA:164,0
DA:165,0
DA:167,0
DA:168,0
DA:171,0
DA:174,0
DA:178,0
DA:180,0
DA:181,0
DA:187,0
DA:188,0
DA:189,0
DA:192,0
DA:194,0
DA:199,0
DA:200,0
DA:202,0
DA:203,0
DA:205,0
DA:206,0
DA:208,0
DA:209,0
DA:211,0
DA:212,0
DA:214,0
DA:215,0
DA:217,0
DA:218,0
DA:221,0
DA:222,0
DA:223,0
DA:224,0
DA:225,0
DA:226,0
DA:229,0
DA:231,0
DA:232,0
DA:238,0
DA:239,0
DA:241,0
DA:242,0
DA:248,0
DA:250,0
DA:254,0
DA:256,0
DA:258,0
DA:259,0
DA:260,0
DA:262,0
DA:265,0
DA:266,0
DA:271,0
DA:272,0
DA:278,0
DA:283,0
DA:284,0
DA:285,0
DA:287,0
DA:288,0
DA:290,0
DA:292,0
DA:298,0
DA:299,0
DA:307,0
DA:316,0
DA:317,0
DA:319,0
DA:324,0
DA:325,0
DA:326,0
DA:335,0
DA:337,0
DA:346,0
DA:348,0
DA:358,0
DA:360,0
DA:372,0
DA:374,0
DA:375,0
DA:377,0
DA:379,0
DA:380,0
DA:381,0
DA:383,0
DA:384,0
DA:387,0
DA:392,0
DA:393,0
DA:394,0
DA:403,0
DA:405,0
DA:415,0
DA:427,0
DA:428,0
DA:430,0
DA:431,0
DA:435,0
DA:436,0
DA:444,0
DA:450,0
DA:451,0
DA:459,0
DA:461,0
DA:462,0
DA:464,0
DA:469,0
DA:470,0
DA:479,0
DA:480,0
DA:482,0
DA:483,0
DA:486,0
DA:487,0
DA:494,0
DA:495,0
DA:496,0
DA:498,0
DA:499,0
DA:501,0
DA:503,0
DA:504,0
DA:506,0
DA:509,0
DA:510,0
DA:515,0
LF:178
LH:0
BRDA:40,0,0,0
BRDA:55,1,0,0
BRDA:58,2,0,0
BRDA:81,3,0,0
BRDA:84,4,0,0
BRDA:84,5,0,0
BRDA:84,5,1,0
BRDA:87,6,0,0
BRDA:87,7,0,0
BRDA:87,7,1,0
BRDA:126,8,0,0
BRDA:133,9,0,0
BRDA:133,9,1,0
BRDA:145,10,0,0
BRDA:164,11,0,0
BRDA:167,12,0,0
BRDA:188,13,0,0
BRDA:199,14,0,0
BRDA:202,15,0,0
BRDA:205,16,0,0
BRDA:208,17,0,0
BRDA:211,18,0,0
BRDA:214,19,0,0
BRDA:214,20,0,0
BRDA:214,20,1,0
BRDA:217,21,0,0
BRDA:221,22,0,0
BRDA:221,22,1,0
BRDA:224,23,0,0
BRDA:256,24,0,0
BRDA:265,25,0,0
BRDA:302,26,0,0
BRDA:302,26,1,0
BRDA:303,27,0,0
BRDA:303,27,1,0
BRDA:311,28,0,0
BRDA:311,28,1,0
BRDA:312,29,0,0
BRDA:312,29,1,0
BRDA:316,30,0,0
BRDA:316,30,1,0
BRDA:316,31,0,0
BRDA:316,31,1,0
BRDA:329,32,0,0
BRDA:329,32,1,0
BRDA:330,33,0,0
BRDA:330,33,1,0
BRDA:341,34,0,0
BRDA:341,34,1,0
BRDA:342,35,0,0
BRDA:342,35,1,0
BRDA:352,36,0,0
BRDA:352,36,1,0
BRDA:353,37,0,0
BRDA:353,37,1,0
BRDA:364,38,0,0
BRDA:364,38,1,0
BRDA:365,39,0,0
BRDA:365,39,1,0
BRDA:374,40,0,0
BRDA:374,40,1,0
BRDA:374,41,0,0
BRDA:374,41,1,0
BRDA:397,42,0,0
BRDA:397,42,1,0
BRDA:398,43,0,0
BRDA:398,43,1,0
BRDA:409,44,0,0
BRDA:409,44,1,0
BRDA:410,45,0,0
BRDA:410,45,1,0
BRDA:419,46,0,0
BRDA:419,46,1,0
BRDA:420,47,0,0
BRDA:420,47,1,0
BRDA:454,48,0,0
BRDA:454,48,1,0
BRDA:455,49,0,0
BRDA:455,49,1,0
BRDA:461,50,0,0
BRDA:461,50,1,0
BRDA:461,51,0,0
BRDA:461,51,1,0
BRDA:473,52,0,0
BRDA:473,52,1,0
BRDA:474,53,0,0
BRDA:474,53,1,0
BRF:87
BRH:0
end_of_record
TN:
SF:src/services/storage.ts
FN:11,getStorage
FN:23,(anonymous_1)
FN:33,(anonymous_2)
FN:44,(anonymous_3)
FN:55,(anonymous_4)
FN:71,(anonymous_5)
FN:75,(anonymous_6)
FN:79,(anonymous_7)
FN:83,(anonymous_8)
FN:87,(anonymous_9)
FN:91,(anonymous_10)
FN:96,(anonymous_11)
FN:108,(anonymous_12)
FNF:13
FNH:12
FNDA:13,getStorage
FNDA:5,(anonymous_1)
FNDA:6,(anonymous_2)
FNDA:1,(anonymous_3)
FNDA:1,(anonymous_4)
FNDA:7,(anonymous_5)
FNDA:0,(anonymous_6)
FNDA:4,(anonymous_7)
FNDA:5,(anonymous_8)
FNDA:1,(anonymous_9)
FNDA:1,(anonymous_10)
FNDA:2,(anonymous_11)
FNDA:1,(anonymous_12)
DA:12,13
DA:13,0
DA:15,13
DA:16,13
DA:18,0
DA:22,1
DA:24,5
DA:25,5
DA:26,5
DA:28,1
DA:29,1
DA:34,6
DA:35,6
DA:36,6
DA:37,6
DA:39,1
DA:40,1
DA:45,1
DA:46,1
DA:47,1
DA:48,1
DA:50,0
DA:51,0
DA:56,1
DA:57,1
DA:58,1
DA:59,1
DA:61,0
DA:62,0
DA:68,1
DA:72,7
DA:76,0
DA:80,4
DA:84,5
DA:88,1
DA:92,1
DA:97,2
DA:98,2
DA:100,2
DA:101,2
DA:103,1
DA:104,1
DA:109,1
DA:110,1
DA:111,1
DA:113,0
DA:114,0
DA:120,1
LF:48
LH:39
BRDA:12,0,0,0
BRDA:12,1,0,13
BRDA:12,1,1,0
BRDA:15,2,0,13
BRDA:15,3,0,13
BRDA:15,3,1,13
BRDA:26,4,0,5
BRDA:26,4,1,1
BRDA:36,5,0,0
BRDA:47,6,0,0
BRDA:58,7,0,0
BRDA:98,8,0,0
BRF:12
BRH:6
end_of_record
TN:
SF:src/services/todoService.ts
FN:33,(anonymous_0)
FN:36,(anonymous_1)
FN:41,(anonymous_2)
FN:60,(anonymous_3)
FN:105,(anonymous_4)
FN:139,(anonymous_5)
FN:170,(anonymous_6)
FN:176,(anonymous_7)
FN:183,(anonymous_8)
FN:186,(anonymous_9)
FN:198,(anonymous_10)
FN:215,(anonymous_11)
FN:236,(anonymous_12)
FN:247,(anonymous_13)
FN:262,(anonymous_14)
FN:283,(anonymous_15)
FN:304,(anonymous_16)
FN:312,(anonymous_17)
FN:313,(anonymous_18)
FN:320,(anonymous_19)
FN:323,(anonymous_20)
FN:328,(anonymous_21)
FN:334,(anonymous_22)
FN:339,(anonymous_23)
FN:355,(anonymous_24)
FN:389,(anonymous_25)
FN:394,(anonymous_26)
FN:411,(anonymous_27)
FN:415,(anonymous_28)
FN:428,(anonymous_29)
FN:433,(anonymous_30)
FN:449,(anonymous_31)
FN:462,(anonymous_32)
FNF:33
FNH:0
FNDA:0,(anonymous_0)
FNDA:0,(anonymous_1)
FNDA:0,(anonymous_2)
FNDA:0,(anonymous_3)
FNDA:0,(anonymous_4)
FNDA:0,(anonymous_5)
FNDA:0,(anonymous_6)
FNDA:0,(anonymous_7)
FNDA:0,(anonymous_8)
FNDA:0,(anonymous_9)
FNDA:0,(anonymous_10)
FNDA:0,(anonymous_11)
FNDA:0,(anonymous_12)
FNDA:0,(anonymous_13)
FNDA:0,(anonymous_14)
FNDA:0,(anonymous_15)
FNDA:0,(anonymous_16)
FNDA:0,(anonymous_17)
FNDA:0,(anonymous_18)
FNDA:0,(anonymous_19)
FNDA:0,(anonymous_20)
FNDA:0,(anonymous_21)
FNDA:0,(anonymous_22)
FNDA:0,(anonymous_23)
FNDA:0,(anonymous_24)
FNDA:0,(anonymous_25)
FNDA:0,(anonymous_26)
FNDA:0,(anonymous_27)
FNDA:0,(anonymous_28)
FNDA:0,(anonymous_29)
FNDA:0,(anonymous_30)
FNDA:0,(anonymous_31)
FNDA:0,(anonymous_32)
DA:2,0
DA:20,0
DA:21,0
DA:34,0
DA:37,0
DA:42,0
DA:61,0
DA:62,0
DA:64,0
DA:65,0
DA:68,0
DA:72,0
DA:73,0
DA:76,0
DA:77,0
DA:80,0
DA:81,0
DA:82,0
DA:85,0
DA:86,0
DA:89,0
DA:90,0
DA:93,0
DA:94,0
DA:97,0
DA:98,0
DA:101,0
DA:106,0
DA:108,0
DA:109,0
DA:112,0
DA:113,0
DA:116,0
DA:117,0
DA:120,0
DA:121,0
DA:124,0
DA:125,0
DA:126,0
DA:128,0
DA:133,0
DA:135,0
DA:140,0
DA:141,0
DA:142,0
DA:145,0
DA:146,0
DA:147,0
DA:155,0
DA:158,0
DA:164,0
DA:165,0
DA:171,0
DA:172,0
DA:173,0
DA:174,0
DA:176,0
DA:177,0
DA:181,0
DA:182,0
DA:183,0
DA:184,0
DA:186,0
DA:190,0
DA:192,0
DA:193,0
DA:199,0
DA:200,0
DA:201,0
DA:203,0
DA:204,0
DA:207,0
DA:209,0
DA:210,0
DA:216,0
DA:217,0
DA:218,0
DA:220,0
DA:223,0
DA:224,0
DA:225,0
DA:228,0
DA:230,0
DA:231,0
DA:237,0
DA:238,0
DA:239,0
DA:241,0
DA:242,0
DA:248,0
DA:249,0
DA:250,0
DA:251,0
DA:254,0
DA:256,0
DA:257,0
DA:263,0
DA:264,0
DA:265,0
DA:270,0
DA:271,0
DA:272,0
DA:275,0
DA:277,0
DA:278,0
DA:284,0
DA:285,0
DA:286,0
DA:291,0
DA:292,0
DA:293,0
DA:296,0
DA:298,0
DA:299,0
DA:308,0
DA:309,0
DA:310,0
DA:312,0
DA:313,0
DA:314,0
DA:318,0
DA:319,0
DA:320,0
DA:321,0
DA:323,0
DA:327,0
DA:329,0
DA:330,0
DA:333,0
DA:334,0
DA:340,0
DA:341,0
DA:342,0
DA:343,0
DA:345,0
DA:355,0
DA:356,0
DA:357,0
DA:359,0
DA:363,0
DA:364,0
DA:365,0
DA:366,0
DA:367,0
DA:368,0
DA:373,0
DA:376,0
DA:377,0
DA:381,0
DA:383,0
DA:384,0
DA:390,0
DA:391,0
DA:392,0
DA:394,0
DA:395,0
DA:396,0
DA:403,0
DA:405,0
DA:406,0
DA:412,0
DA:413,0
DA:415,0
DA:416,0
DA:417,0
DA:420,0
DA:422,0
DA:423,0
DA:429,0
DA:430,0
DA:431,0
DA:433,0
DA:434,0
DA:435,0
DA:441,0
DA:443,0
DA:444,0
DA:450,0
DA:451,0
DA:452,0
DA:454,0
DA:461,0
DA:462,0
DA:464,0
DA:465,0
DA:468,0
DA:470,0
DA:471,0
DA:476,0
LF:189
LH:0
BRDA:45,0,0,0
BRDA:45,0,1,0
BRDA:50,1,0,0
BRDA:50,1,1,0
BRDA:51,2,0,0
BRDA:51,2,1,0
BRDA:52,3,0,0
BRDA:52,3,1,0
BRDA:53,4,0,0
BRDA:53,4,1,0
BRDA:54,5,0,0
BRDA:54,5,1,0
BRDA:55,6,0,0
BRDA:55,6,1,0
BRDA:64,7,0,0
BRDA:72,8,0,0
BRDA:72,9,0,0
BRDA:72,9,1,0
BRDA:76,10,0,0
BRDA:77,11,0,0
BRDA:77,11,1,0
BRDA:80,12,0,0
BRDA:80,13,0,0
BRDA:80,13,1,0
BRDA:82,14,0,0
BRDA:82,14,1,0
BRDA:85,15,0,0
BRDA:86,16,0,0
BRDA:86,16,1,0
BRDA:89,17,0,0
BRDA:90,18,0,0
BRDA:90,18,1,0
BRDA:93,19,0,0
BRDA:94,20,0,0
BRDA:94,20,1,0
BRDA:97,21,0,0
BRDA:98,22,0,0
BRDA:98,22,1,0
BRDA:108,23,0,0
BRDA:112,24,0,0
BRDA:116,25,0,0
BRDA:120,26,0,0
BRDA:124,27,0,0
BRDA:125,28,0,0
BRDA:125,28,1,0
BRDA:141,29,0,0
BRDA:181,30,0,0
BRDA:184,31,0,0
BRDA:184,31,1,0
BRDA:184,31,2,0
BRDA:184,31,3,0
BRDA:203,32,0,0
BRDA:224,33,0,0
BRDA:250,34,0,0
BRDA:271,35,0,0
BRDA:292,36,0,0
BRDA:318,37,0,0
BRDA:321,38,0,0
BRDA:321,38,1,0
BRDA:321,38,2,0
BRDA:321,38,3,0
BRDA:356,39,0,0
BRDA:356,39,1,0
BRDA:363,40,0,0
BRDA:363,41,0,0
BRDA:363,41,1,0
BRDA:365,42,0,0
BRDA:365,42,1,0
BRDA:367,43,0,0
BRDA:376,44,0,0
BRDA:464,45,0,0
BRF:71
BRH:0
end_of_record
TN:
SF:src/services/userWhitelistService.ts
FN:21,(anonymous_0)
FN:25,(anonymous_1)
FN:32,(anonymous_2)
FN:81,(anonymous_3)
FN:92,(anonymous_4)
FN:109,(anonymous_5)
FN:119,(anonymous_6)
FN:130,(anonymous_7)
FN:136,(anonymous_8)
FN:149,(anonymous_9)
FN:163,(anonymous_10)
FN:202,(anonymous_11)
FN:208,(anonymous_12)
FN:232,(anonymous_13)
FN:245,(anonymous_14)
FN:255,(anonymous_15)
FNF:16
FNH:0
FNDA:0,(anonymous_0)
FNDA:0,(anonymous_1)
FNDA:0,(anonymous_2)
FNDA:0,(anonymous_3)
FNDA:0,(anonymous_4)
FNDA:0,(anonymous_5)
FNDA:0,(anonymous_6)
FNDA:0,(anonymous_7)
FNDA:0,(anonymous_8)
FNDA:0,(anonymous_9)
FNDA:0,(anonymous_10)
FNDA:0,(anonymous_11)
FNDA:0,(anonymous_12)
FNDA:0,(anonymous_13)
FNDA:0,(anonymous_14)
FNDA:0,(anonymous_15)
DA:2,0
DA:3,0
DA:22,0
DA:23,0
DA:26,0
DA:33,0
DA:34,0
DA:36,0
DA:37,0
DA:73,0
DA:74,0
DA:82,0
DA:83,0
DA:84,0
DA:86,0
DA:87,0
DA:89,0
DA:92,0
DA:99,0
DA:101,0
DA:102,0
DA:110,0
DA:111,0
DA:112,0
DA:114,0
DA:115,0
DA:118,0
DA:119,0
DA:122,0
DA:123,0
DA:131,0
DA:132,0
DA:133,0
DA:135,0
DA:136,0
DA:139,0
DA:141,0
DA:142,0
DA:154,0
DA:155,0
DA:156,0
DA:157,0
DA:158,0
DA:162,0
DA:163,0
DA:166,0
DA:168,0
DA:169,0
DA:170,0
DA:171,0
DA:173,0
DA:177,0
DA:186,0
DA:187,0
DA:189,0
DA:190,0
DA:192,0
DA:194,0
DA:195,0
DA:203,0
DA:204,0
DA:205,0
DA:207,0
DA:208,0
DA:211,0
DA:212,0
DA:213,0
DA:214,0
DA:216,0
DA:217,0
DA:219,0
DA:222,0
DA:224,0
DA:225,0
DA:233,0
DA:234,0
DA:235,0
DA:237,0
DA:238,0
DA:250,0
DA:251,0
DA:252,0
DA:254,0
DA:255,0
DA:258,0
DA:259,0
DA:260,0
DA:261,0
DA:263,0
DA:264,0
DA:266,0
DA:269,0
DA:271,0
DA:272,0
DA:277,0
LF:95
LH:0
BRDA:36,0,0,0
BRDA:86,1,0,0
BRDA:91,2,0,0
BRDA:91,2,1,0
BRDA:92,3,0,0
BRDA:92,3,1,0
BRDA:94,4,0,0
BRDA:94,4,1,0
BRDA:112,5,0,0
BRDA:119,6,0,0
BRDA:119,6,1,0
BRDA:133,7,0,0
BRDA:136,8,0,0
BRDA:136,8,1,0
BRDA:139,9,0,0
BRDA:139,9,1,0
BRDA:156,10,0,0
BRDA:166,11,0,0
BRDA:166,11,1,0
BRDA:168,12,0,0
BRDA:168,12,1,0
BRDA:205,13,0,0
BRDA:211,14,0,0
BRDA:211,15,0,0
BRDA:211,15,1,0
BRDA:235,16,0,0
BRDA:235,16,1,0
BRDA:252,17,0,0
BRDA:258,18,0,0
BRF:29
BRH:0
end_of_record
TN:
SF:src/types/document.ts
FNF:0
FNH:0
DA:40,0
DA:53,0
DA:55,0
LF:3
LH:0
BRF:0
BRH:0
end_of_record
TN:
SF:src/types/grocery.ts
FNF:0
FNH:0
DA:67,0
DA:81,0
LF:2
LH:0
BRF:0
BRH:0
end_of_record
